This is LuaTeX, Version beta-0.76.0-2013121407 (rev 4627)  (format=lualatex 2015.4.2)  9 JUN 2015 13:02
 restricted \write18 enabled.
**main.tex
(./main.tex
LaTeX2e <2011/06/27>
Babel <3.9h> and hyphenation patterns for 78 languages loaded.
(/usr/share/texlive/texmf-dist/tex/latex/koma-script/scrreprt.cls
Document Class: scrreprt 2013/12/19 v3.12 KOMA-Script document class (report)
(/usr/share/texlive/texmf-dist/tex/latex/koma-script/scrkbase.sty
Package: scrkbase 2013/12/19 v3.12 KOMA-Script package (KOMA-Script-dependent ba
sics and keyval usage)

(/usr/share/texlive/texmf-dist/tex/latex/koma-script/scrbase.sty
Package: scrbase 2013/12/19 v3.12 KOMA-Script package (KOMA-Script-independent b
asics and keyval usage)

(/usr/share/texlive/texmf-dist/tex/latex/graphics/keyval.sty
Package: keyval 1999/03/16 v1.13 key=value parser (DPC)
\KV@toks@=\toks14
)
(/usr/share/texlive/texmf-dist/tex/latex/koma-script/scrlfile.sty
Package: scrlfile 2013/12/19 v3.12 KOMA-Script package (loading files)

Package scrlfile, 2013/12/19 v3.12 KOMA-Script package (loading files)
                  Copyright (C) Markus Kohm

))) (/usr/share/texlive/texmf-dist/tex/latex/koma-script/tocbasic.sty
Package: tocbasic 2013/12/19 v3.12 KOMA-Script package (handling toc-files)
)
Package tocbasic Info: omitting babel extension for `toc'
(tocbasic)             because of feature `nobabel' available
(tocbasic)             for `toc' on input line 117.
Package tocbasic Info: omitting babel extension for `lof'
(tocbasic)             because of feature `nobabel' available
(tocbasic)             for `lof' on input line 118.
Package tocbasic Info: omitting babel extension for `lot'
(tocbasic)             because of feature `nobabel' available
(tocbasic)             for `lot' on input line 119.
Package tocbasic Info: defining new hook before heading of `' on input line 1123
.
Package scrbase Info: Unknown processing state.
(scrbase)             Processing option `twoside'
(scrbase)             of member `.scrreprt.cls' of family
(scrbase)             `KOMA' doesn't set
(scrbase)             a valid state. This will be interpreted
(scrbase)             as \FamilyKeyStateProcessed on input line 1274.
Class scrreprt Info: You've used standard option `openright'.
(scrreprt)           This is correct!
(scrreprt)           Internally I'm using `open=right'.
(scrreprt)           If you'd like to set the option with \KOMAoptions,
(scrreprt)           you'd have to use `open=right' there
(scrreprt)           instead of `openright', too.
Class scrreprt Info: File `scrsize11pt.clo' used to setup font sizes on input li
ne 1655.

(/usr/share/texlive/texmf-dist/tex/latex/koma-script/scrsize11pt.clo
File: scrsize11pt.clo 2013/12/19 v3.12 KOMA-Script font size class option (11pt)

)
(/usr/share/texlive/texmf-dist/tex/latex/koma-script/typearea.sty
Package: typearea 2013/12/19 v3.12 KOMA-Script package (type area)

Package typearea, 2013/12/19 v3.12 KOMA-Script package (type area)
                  Copyright (C) Frank Neukam, 1992-1994
                  Copyright (C) Markus Kohm, 1994-

\ta@bcor=\skip41
\ta@div=\count79
\ta@hblk=\skip42
\ta@vblk=\skip43
\ta@temp=\skip44
\footheight=\skip45
Package typearea Info: These are the values describing the layout:
(typearea)             DIV  = 10
(typearea)             BCOR = 14.22636pt
(typearea)             \paperwidth      = 597.50793pt
(typearea)              \textwidth      = 408.2971pt
(typearea)              DIV departure   = -3%
(typearea)              \evensidemargin = 44.38632pt
(typearea)              \oddsidemargin  = 0.28453pt
(typearea)             \paperheight     = 845.04694pt
(typearea)              \textheight     = 514.20023pt
(typearea)              \topmargin      = 12.2347pt
(typearea)              \headheight     = 17.0pt
(typearea)              \headsep        = 20.40001pt
(typearea)              \topskip        = 11.0pt
(typearea)              \footskip       = 47.6pt
(typearea)              \baselineskip   = 13.6pt
(typearea)              on input line 1330.
)
\c@part=\count80
\c@chapter=\count81
\c@section=\count82
\c@subsection=\count83
\c@subsubsection=\count84
\c@paragraph=\count85
\c@subparagraph=\count86
\abovecaptionskip=\skip46
\belowcaptionskip=\skip47
\c@pti@nb@sid@b@x=\box26
\c@figure=\count87
\c@table=\count88
\bibindent=\dimen102
) (./classicthesis-config.tex
\c@dummy=\count89

(/usr/share/texlive/texmf-dist/tex/latex/lipsum/lipsum.sty
Package: lipsum 2011/04/14 v1.2 150 paragraphs of Lorem Ipsum dummy text
\c@lips@count=\count90
)
(/usr/share/texlive/texmf-dist/tex/latex/float/float.sty
Package: float 2001/11/08 v1.3d Float enhancements (AL)
\c@float@type=\count91
\float@exts=\toks15
\float@box=\box27
\@float@everytoks=\toks16
\@floatcapt=\box28
)
(/usr/share/texlive/texmf-dist/tex/latex/tools/tabularx.sty
Package: tabularx 1999/01/07 v2.07 `tabularx' package (DPC)

(/usr/share/texlive/texmf-dist/tex/latex/tools/array.sty
Package: array 2008/09/09 v2.4c Tabular extension package (FMi)
\col@sep=\dimen103
\extrarowheight=\dimen104
\NC@list=\toks17
\extratabsurround=\skip48
\backup@length=\skip49
)
\TX@col@width=\dimen105
\TX@old@table=\dimen106
\TX@old@col=\dimen107
\TX@target=\dimen108
\TX@delta=\dimen109
\TX@cols=\count92
\TX@ftn=\toks18
)
(/usr/share/texlive/texmf-dist/tex/latex/psnfss/times.sty
Package: times 2005/04/12 PSNFSS-v9.2a (SPQR) 
)
(/usr/share/texmf/tex/latex/pgf/frontendlayer/tikz.sty
(/usr/share/texmf/tex/latex/pgf/basiclayer/pgf.sty
(/usr/share/texmf/tex/latex/pgf/utilities/pgfrcs.sty
(/usr/share/texmf/tex/generic/pgf/utilities/pgfutil-common.tex
\pgfutil@everybye=\toks19
)
(/usr/share/texmf/tex/generic/pgf/utilities/pgfutil-latex.def
\pgfutil@abb=\box29

(/usr/share/texlive/texmf-dist/tex/latex/ms/everyshi.sty
Package: everyshi 2001/05/15 v3.00 EveryShipout Package (MS)
))
(/usr/share/texmf/tex/generic/pgf/utilities/pgfrcs.code.tex
Package: pgfrcs 2010/10/25 v2.10 (rcs-revision 1.24)
))
Package: pgf 2008/01/15 v2.10 (rcs-revision 1.12)

(/usr/share/texmf/tex/latex/pgf/basiclayer/pgfcore.sty
(/usr/share/texlive/texmf-dist/tex/latex/graphics/graphicx.sty
Package: graphicx 1999/02/16 v1.0f Enhanced LaTeX Graphics (DPC,SPQR)

(/usr/share/texlive/texmf-dist/tex/latex/graphics/graphics.sty
Package: graphics 2009/02/05 v1.0o Standard LaTeX Graphics (DPC,SPQR)

(/usr/share/texlive/texmf-dist/tex/latex/graphics/trig.sty
Package: trig 1999/03/16 v1.09 sin cos tan (DPC)
)
(/usr/share/texlive/texmf-dist/tex/latex/latexconfig/graphics.cfg
File: graphics.cfg 2010/04/23 v1.9 graphics configuration of TeX Live
)
Package graphics Info: Driver file: pdftex.def on input line 91.

(/usr/share/texlive/texmf-dist/tex/latex/pdftex-def/pdftex.def
File: pdftex.def 2011/05/27 v0.06d Graphics/color for pdfTeX

(/usr/share/texlive/texmf-dist/tex/generic/oberdiek/infwarerr.sty
Package: infwarerr 2010/04/08 v1.3 Providing info/warning/error messages (HO)
)
(/usr/share/texlive/texmf-dist/tex/generic/oberdiek/ltxcmds.sty
Package: ltxcmds 2011/11/09 v1.22 LaTeX kernel commands for general use (HO)
)
(/usr/share/texlive/texmf-dist/tex/generic/oberdiek/pdftexcmds.sty
Package: pdftexcmds 2011/11/29 v0.20 Utility functions of pdfTeX for LuaTeX (HO)


(/usr/share/texlive/texmf-dist/tex/generic/oberdiek/ifluatex.sty
Package: ifluatex 2010/03/01 v1.3 Provides the ifluatex switch (HO)
Package ifluatex Info: LuaTeX detected.
)
(/usr/share/texlive/texmf-dist/tex/generic/oberdiek/ifpdf.sty
Package: ifpdf 2011/01/30 v2.3 Provides the ifpdf switch (HO)
Package ifpdf Info: pdfTeX in PDF mode is detected.
)
Package pdftexcmds Info: \pdf@primitive is available.
Package pdftexcmds Info: \pdf@ifprimitive is available.
Package pdftexcmds Info: \pdfdraftmode found.

(/usr/share/texlive/texmf-dist/tex/generic/oberdiek/luatex-loader.sty
Package: luatex-loader 2010/03/09 v0.4 Lua module loader (HO)

(/usr/share/texlive/texmf-dist/scripts/oberdiek/oberdiek.luatex.lua))
\pdftexcmds@toks=\toks20
)
\Gread@gobject=\count93
))
\Gin@req@height=\dimen110
\Gin@req@width=\dimen111
)
(/usr/share/texmf/tex/latex/pgf/systemlayer/pgfsys.sty
(/usr/share/texmf/tex/generic/pgf/systemlayer/pgfsys.code.tex
Package: pgfsys 2010/06/30 v2.10 (rcs-revision 1.37)

(/usr/share/texmf/tex/generic/pgf/utilities/pgfkeys.code.tex
\pgfkeys@pathtoks=\toks21
\pgfkeys@temptoks=\toks22

(/usr/share/texmf/tex/generic/pgf/utilities/pgfkeysfiltered.code.tex
\pgfkeys@tmptoks=\toks23
))
\pgf@x=\dimen112
\pgf@y=\dimen113
\pgf@xa=\dimen114
\pgf@ya=\dimen115
\pgf@xb=\dimen116
\pgf@yb=\dimen117
\pgf@xc=\dimen118
\pgf@yc=\dimen119
\w@pgf@writea=\write3
\r@pgf@reada=\read1
\c@pgf@counta=\count94
\c@pgf@countb=\count95
\c@pgf@countc=\count96
\c@pgf@countd=\count97

(/usr/share/texmf/tex/generic/pgf/systemlayer/pgf.cfg
File: pgf.cfg 2008/05/14  (rcs-revision 1.7)
)
Package pgfsys Info: Driver file for pgf: pgfsys-pdftex.def on input line 900.

(/usr/share/texmf/tex/generic/pgf/systemlayer/pgfsys-pdftex.def
File: pgfsys-pdftex.def 2009/05/22  (rcs-revision 1.26)

(/usr/share/texmf/tex/generic/pgf/systemlayer/pgfsys-common-pdf.def
File: pgfsys-common-pdf.def 2008/05/19  (rcs-revision 1.10)
)))
(/usr/share/texmf/tex/generic/pgf/systemlayer/pgfsyssoftpath.code.tex
File: pgfsyssoftpath.code.tex 2008/07/18  (rcs-revision 1.7)
\pgfsyssoftpath@smallbuffer@items=\count98
\pgfsyssoftpath@bigbuffer@items=\count99
)
(/usr/share/texmf/tex/generic/pgf/systemlayer/pgfsysprotocol.code.tex
File: pgfsysprotocol.code.tex 2006/10/16  (rcs-revision 1.4)
))
(/usr/share/texmf/tex/latex/xcolor/xcolor.sty
Package: xcolor 2007/01/21 v2.11 LaTeX color extensions (UK)

(/usr/share/texlive/texmf-dist/tex/latex/latexconfig/color.cfg
File: color.cfg 2007/01/18 v1.5 color configuration of teTeX/TeXLive
)
Package xcolor Info: Driver file: pdftex.def on input line 225.
Package xcolor Info: Model `cmy' substituted by `cmy0' on input line 1337.
Package xcolor Info: Model `hsb' substituted by `rgb' on input line 1341.
Package xcolor Info: Model `RGB' extended on input line 1353.
Package xcolor Info: Model `HTML' substituted by `rgb' on input line 1355.
Package xcolor Info: Model `Hsb' substituted by `hsb' on input line 1356.
Package xcolor Info: Model `tHsb' substituted by `hsb' on input line 1357.
Package xcolor Info: Model `HSB' substituted by `hsb' on input line 1358.
Package xcolor Info: Model `Gray' substituted by `gray' on input line 1359.
Package xcolor Info: Model `wave' substituted by `hsb' on input line 1360.
)
(/usr/share/texmf/tex/generic/pgf/basiclayer/pgfcore.code.tex
Package: pgfcore 2010/04/11 v2.10 (rcs-revision 1.7)

(/usr/share/texmf/tex/generic/pgf/math/pgfmath.code.tex
(/usr/share/texmf/tex/generic/pgf/math/pgfmathcalc.code.tex
(/usr/share/texmf/tex/generic/pgf/math/pgfmathutil.code.tex)
(/usr/share/texmf/tex/generic/pgf/math/pgfmathparser.code.tex
\pgfmath@dimen=\dimen120
\pgfmath@count=\count100
\pgfmath@box=\box30
\pgfmath@toks=\toks24
\pgfmath@stack@operand=\toks25
\pgfmath@stack@operation=\toks26
)
(/usr/share/texmf/tex/generic/pgf/math/pgfmathfunctions.code.tex
(/usr/share/texmf/tex/generic/pgf/math/pgfmathfunctions.basic.code.tex)
(/usr/share/texmf/tex/generic/pgf/math/pgfmathfunctions.trigonometric.code.tex)
(/usr/share/texmf/tex/generic/pgf/math/pgfmathfunctions.random.code.tex)
(/usr/share/texmf/tex/generic/pgf/math/pgfmathfunctions.comparison.code.tex)
(/usr/share/texmf/tex/generic/pgf/math/pgfmathfunctions.base.code.tex)
(/usr/share/texmf/tex/generic/pgf/math/pgfmathfunctions.round.code.tex)
(/usr/share/texmf/tex/generic/pgf/math/pgfmathfunctions.misc.code.tex)))
(/usr/share/texmf/tex/generic/pgf/math/pgfmathfloat.code.tex
\c@pgfmathroundto@lastzeros=\count101
))
(/usr/share/texmf/tex/generic/pgf/basiclayer/pgfcorepoints.code.tex
File: pgfcorepoints.code.tex 2010/04/09  (rcs-revision 1.20)
\pgf@picminx=\dimen121
\pgf@picmaxx=\dimen122
\pgf@picminy=\dimen123
\pgf@picmaxy=\dimen124
\pgf@pathminx=\dimen125
\pgf@pathmaxx=\dimen126
\pgf@pathminy=\dimen127
\pgf@pathmaxy=\dimen128
\pgf@xx=\dimen129
\pgf@xy=\dimen130
\pgf@yx=\dimen131
\pgf@yy=\dimen132
\pgf@zx=\dimen133
\pgf@zy=\dimen134
)
(/usr/share/texmf/tex/generic/pgf/basiclayer/pgfcorepathconstruct.code.tex
File: pgfcorepathconstruct.code.tex 2010/08/03  (rcs-revision 1.24)
\pgf@path@lastx=\dimen135
\pgf@path@lasty=\dimen136
)
(/usr/share/texmf/tex/generic/pgf/basiclayer/pgfcorepathusage.code.tex
File: pgfcorepathusage.code.tex 2008/04/22  (rcs-revision 1.12)
\pgf@shorten@end@additional=\dimen137
\pgf@shorten@start@additional=\dimen138
)
(/usr/share/texmf/tex/generic/pgf/basiclayer/pgfcorescopes.code.tex
File: pgfcorescopes.code.tex 2010/09/08  (rcs-revision 1.34)
\pgfpic=\box31
\pgf@hbox=\box32
\pgf@layerbox@main=\box33
\pgf@picture@serial@count=\count102
)
(/usr/share/texmf/tex/generic/pgf/basiclayer/pgfcoregraphicstate.code.tex
File: pgfcoregraphicstate.code.tex 2008/04/22  (rcs-revision 1.9)
\pgflinewidth=\dimen139
)
(/usr/share/texmf/tex/generic/pgf/basiclayer/pgfcoretransformations.code.tex
File: pgfcoretransformations.code.tex 2009/06/10  (rcs-revision 1.11)
\pgf@pt@x=\dimen140
\pgf@pt@y=\dimen141
\pgf@pt@temp=\dimen142
)
(/usr/share/texmf/tex/generic/pgf/basiclayer/pgfcorequick.code.tex
File: pgfcorequick.code.tex 2008/10/09  (rcs-revision 1.3)
)
(/usr/share/texmf/tex/generic/pgf/basiclayer/pgfcoreobjects.code.tex
File: pgfcoreobjects.code.tex 2006/10/11  (rcs-revision 1.2)
)
(/usr/share/texmf/tex/generic/pgf/basiclayer/pgfcorepathprocessing.code.tex
File: pgfcorepathprocessing.code.tex 2008/10/09  (rcs-revision 1.8)
)
(/usr/share/texmf/tex/generic/pgf/basiclayer/pgfcorearrows.code.tex
File: pgfcorearrows.code.tex 2008/04/23  (rcs-revision 1.11)
)
(/usr/share/texmf/tex/generic/pgf/basiclayer/pgfcoreshade.code.tex
File: pgfcoreshade.code.tex 2008/11/23  (rcs-revision 1.13)
\pgf@max=\dimen143
\pgf@sys@shading@range@num=\count103
)
(/usr/share/texmf/tex/generic/pgf/basiclayer/pgfcoreimage.code.tex
File: pgfcoreimage.code.tex 2010/03/25  (rcs-revision 1.16)

(/usr/share/texmf/tex/generic/pgf/basiclayer/pgfcoreexternal.code.tex
File: pgfcoreexternal.code.tex 2010/09/01  (rcs-revision 1.17)
\pgfexternal@startupbox=\box34
))
(/usr/share/texmf/tex/generic/pgf/basiclayer/pgfcorelayers.code.tex
File: pgfcorelayers.code.tex 2010/08/27  (rcs-revision 1.2)
)
(/usr/share/texmf/tex/generic/pgf/basiclayer/pgfcoretransparency.code.tex
File: pgfcoretransparency.code.tex 2008/01/17  (rcs-revision 1.2)
)
(/usr/share/texmf/tex/generic/pgf/basiclayer/pgfcorepatterns.code.tex
File: pgfcorepatterns.code.tex 2009/07/02  (rcs-revision 1.3)
)))
(/usr/share/texmf/tex/generic/pgf/modules/pgfmoduleshapes.code.tex
File: pgfmoduleshapes.code.tex 2010/09/09  (rcs-revision 1.13)
\pgfnodeparttextbox=\box35
)
(/usr/share/texmf/tex/generic/pgf/modules/pgfmoduleplot.code.tex
File: pgfmoduleplot.code.tex 2010/10/22  (rcs-revision 1.8)
)
(/usr/share/texmf/tex/latex/pgf/compatibility/pgfcomp-version-0-65.sty
Package: pgfcomp-version-0-65 2007/07/03 v2.10 (rcs-revision 1.7)
\pgf@nodesepstart=\dimen144
\pgf@nodesepend=\dimen145
)
(/usr/share/texmf/tex/latex/pgf/compatibility/pgfcomp-version-1-18.sty
Package: pgfcomp-version-1-18 2007/07/23 v2.10 (rcs-revision 1.1)
))
(/usr/share/texmf/tex/latex/pgf/utilities/pgffor.sty
(/usr/share/texmf/tex/latex/pgf/utilities/pgfkeys.sty
(/usr/share/texmf/tex/generic/pgf/utilities/pgfkeys.code.tex))
(/usr/share/texmf/tex/generic/pgf/utilities/pgffor.code.tex
Package: pgffor 2010/03/23 v2.10 (rcs-revision 1.18)
\pgffor@iter=\dimen146
\pgffor@skip=\dimen147
\pgffor@stack=\toks27
\pgffor@toks=\toks28
))
(/usr/share/texmf/tex/generic/pgf/frontendlayer/tikz/tikz.code.tex
Package: tikz 2010/10/13 v2.10 (rcs-revision 1.76)

(/usr/share/texmf/tex/generic/pgf/libraries/pgflibraryplothandlers.code.tex
File: pgflibraryplothandlers.code.tex 2010/05/31 v2.10 (rcs-revision 1.15)
\pgf@plot@mark@count=\count104
\pgfplotmarksize=\dimen148
)
\tikz@lastx=\dimen149
\tikz@lasty=\dimen150
\tikz@lastxsaved=\dimen151
\tikz@lastysaved=\dimen152
\tikzleveldistance=\dimen153
\tikzsiblingdistance=\dimen154
\tikz@figbox=\box36
\tikz@tempbox=\box37
\tikztreelevel=\count105
\tikznumberofchildren=\count106
\tikznumberofcurrentchild=\count107
\tikz@fig@count=\count108

(/usr/share/texmf/tex/generic/pgf/modules/pgfmodulematrix.code.tex
File: pgfmodulematrix.code.tex 2010/08/24  (rcs-revision 1.4)
\pgfmatrixcurrentrow=\count109
\pgfmatrixcurrentcolumn=\count110
\pgf@matrix@numberofcolumns=\count111
)
\tikz@expandcount=\count112

(/usr/share/texmf/tex/generic/pgf/frontendlayer/tikz/libraries/tikzlibrarytopat
hs.code.tex
File: tikzlibrarytopaths.code.tex 2008/06/17 v2.10 (rcs-revision 1.2)
)))
(/usr/share/texmf/tex/generic/pgf/frontendlayer/tikz/libraries/tikzlibrarymatri
x.code.tex
File: tikzlibrarymatrix.code.tex 2008/06/18 v2.10 (rcs-revision 1.2)
) (/usr/share/texlive/texmf-dist/tex/generic/dirtree/dirtree.sty
Package: dirtree 2012/12/11 v0.32 package wrapper for dirtree

(/usr/share/texlive/texmf-dist/tex/generic/dirtree/dirtree.tex
`dirtree' v0.32, 2012/12/11 (jcc)
\DT@offset=\dimen155
\DT@width=\dimen156
\DT@sep=\dimen157
\DT@all=\dimen158
\DT@rulewidth=\dimen159
\DT@dotwidth=\dimen160
\DTbaselineskip=\dimen161
\DT@counti=\count113
\DT@countii=\count114
\DT@countiii=\count115
\DT@countiv=\count116
\DT@indent=\dimen162
\DT@parskip=\dimen163
\DT@baselineskip=\dimen164
)
File: dirtree.tex 2012/12/11 v0.32 `dirtree' (jcc)
)
(/usr/share/texlive/texmf-dist/tex/latex/pgfgantt/pgfgantt.sty
Package: pgfgantt 2013/06/01 v4.0 Draw Gantt diagrams with TikZ

(/usr/share/texmf/tex/generic/pgf/frontendlayer/tikz/libraries/tikzlibraryarrow
s.code.tex
File: tikzlibraryarrows.code.tex 2008/01/09 v2.10 (rcs-revision 1.1)

(/usr/share/texmf/tex/generic/pgf/libraries/pgflibraryarrows.code.tex
File: pgflibraryarrows.code.tex 2008/10/27 v2.10 (rcs-revision 1.9)
\arrowsize=\dimen165
))
(/usr/share/texmf/tex/generic/pgf/frontendlayer/tikz/libraries/tikzlibrarybackg
rounds.code.tex
File: tikzlibrarybackgrounds.code.tex 2010/02/08 v2.10 (rcs-revision 1.2)
\pgf@layerbox@background=\box38
\pgf@layerboxsaved@background=\box39
)
(/usr/share/texmf/tex/generic/pgf/frontendlayer/tikz/libraries/tikzlibrarycalc.
code.tex
File: tikzlibrarycalc.code.tex 2009/09/04 v2.10 (rcs-revision 1.6)
)
(/usr/share/texmf/tex/generic/pgf/frontendlayer/tikz/libraries/tikzlibrarypatte
rns.code.tex
File: tikzlibrarypatterns.code.tex 2008/01/15 v2.10 (rcs-revision 1.2)

(/usr/share/texmf/tex/generic/pgf/libraries/pgflibrarypatterns.code.tex
File: pgflibrarypatterns.code.tex 2008/03/03 v2.10 (rcs-revision 1.13)
))
(/usr/share/texmf/tex/generic/pgf/frontendlayer/tikz/libraries/tikzlibraryposit
ioning.code.tex
File: tikzlibrarypositioning.code.tex 2008/10/06 v2.10 (rcs-revision 1.7)
)
(/usr/share/texmf/tex/generic/pgf/frontendlayer/tikz/libraries/tikzlibraryshape
s.geometric.code.tex
File: tikzlibraryshapes.geometric.code.tex 2008/01/09 v2.10 (rcs-revision 1.1)

(/usr/share/texmf/tex/generic/pgf/libraries/shapes/pgflibraryshapes.geometric.c
ode.tex
File: pgflibraryshapes.geometric.code.tex 2008/06/26 v2.10 (rcs-revision 1.1)
)) (/usr/share/texmf/tex/latex/pgf/utilities/pgfcalendar.sty
(/usr/share/texmf/tex/generic/pgf/utilities/pgfcalendar.code.tex
File: pgfcalendar.code.tex 2007/07/23 v2.10 (rcs-revision 1.11)
\pgfcalendarcurrentjulian=\count117
))
\gtt@currentline=\count118
\gtt@lasttitleline=\count119
\gtt@currgrid=\count120
\gtt@chartwidth=\count121
\gtt@lasttitleslot=\count122
\gtt@elementid=\count123
\gtt@today@slot=\count124
\gtt@startjulian=\count125
\gtt@endjulian=\count126
\gtt@calendar@slots=\count127
\gtt@calendar@weeknumber=\count128
\gtt@calendar@startofweek=\count129
\gtt@left@slot=\count130
\gtt@right@slot=\count131
)
(/usr/share/texlive/texmf-dist/tex/latex/base/inputenc.sty
Package: inputenc 2008/03/30 v1.1d Input encoding file
\inpenc@prehook=\toks29
\inpenc@posthook=\toks30

(/usr/share/texlive/texmf-dist/tex/latex/base/latin9.def
File: latin9.def 2008/03/30 v1.1d Input encoding file
))
(/usr/share/texlive/texmf-dist/tex/generic/babel/babel.sty
Package: babel 2013/12/03 3.9h The Babel package

(/usr/share/texlive/texmf-dist/tex/generic/babel-german/ngermanb.ldf
Language: ngermanb 2013/12/13 v2.7 German support for babel (new orthography)

(/usr/share/texlive/texmf-dist/tex/generic/babel/babel.def
File: babel.def 2013/12/03 3.9h Babel common definitions
\babel@savecnt=\count132
\U@D=\dimen166

(/usr/share/texlive/texmf-dist/tex/generic/babel/luababel.def
luatex-hyphen: using data file: /var/lib/texmf/tex/generic/config/language.dat.l
ua))
\l@naustrian = a dialect from \language\l@ngerman 
\l@nswissgerman = a dialect from \language\l@ngerman 
Package babel Info: Making " an active character on input line 88.
)
(/usr/share/texlive/texmf-dist/tex/generic/babel-english/english.ldf
Language: english 2012/08/20 v3.3p English support from the babel system
\l@canadian = a dialect from \language\l@american 
\l@australian = a dialect from \language\l@british 
\l@newzealand = a dialect from \language\l@british 
))
(/usr/share/texlive/texmf-dist/tex/latex/natbib/natbib.sty
Package: natbib 2010/09/13 8.31b (PWD, AO)
\bibhang=\skip50
\bibsep=\skip51
LaTeX Info: Redefining \cite on input line 694.
\c@NAT@ctr=\count133
)
(/usr/share/texlive/texmf-dist/tex/latex/amsmath/amsmath.sty
Package: amsmath 2013/01/14 v2.14 AMS math features
\@mathmargin=\skip52

For additional information on amsmath, use the `?' option.
(/usr/share/texlive/texmf-dist/tex/latex/amsmath/amstext.sty
Package: amstext 2000/06/29 v2.01

(/usr/share/texlive/texmf-dist/tex/latex/amsmath/amsgen.sty
File: amsgen.sty 1999/11/30 v2.0
\@emptytoks=\toks31
\ex@=\dimen167
))
(/usr/share/texlive/texmf-dist/tex/latex/amsmath/amsbsy.sty
Package: amsbsy 1999/11/29 v1.2d
\pmbraise@=\dimen168
)
(/usr/share/texlive/texmf-dist/tex/latex/amsmath/amsopn.sty
Package: amsopn 1999/12/14 v2.01 operator names
)
\inf@bad=\count134
LaTeX Info: Redefining \frac on input line 210.
\uproot@=\count135
\leftroot@=\count136
LaTeX Info: Redefining \overline on input line 306.
\classnum@=\count137
\DOTSCASE@=\count138
LaTeX Info: Redefining \ldots on input line 378.
LaTeX Info: Redefining \dots on input line 381.
LaTeX Info: Redefining \cdots on input line 466.
\Mathstrutbox@=\box40
\strutbox@=\box41
\big@size=\dimen169
LaTeX Font Info:    Redeclaring font encoding OML on input line 566.
LaTeX Font Info:    Redeclaring font encoding OMS on input line 567.
\macc@depth=\count139
\c@MaxMatrixCols=\count140
\dotsspace@=\muskip10
\c@parentequation=\count141
\dspbrk@lvl=\count142
\tag@help=\toks32
\row@=\count143
\column@=\count144
\maxfields@=\count145
\andhelp@=\toks33
\eqnshift@=\dimen170
\alignsep@=\dimen171
\tagshift@=\dimen172
\tagwidth@=\dimen173
\totwidth@=\dimen174
\lineht@=\dimen175
\@envbody=\toks34
\multlinegap=\skip53
\multlinetaggap=\skip54
\mathdisplay@stack=\toks35
LaTeX Info: Redefining \[ on input line 2665.
LaTeX Info: Redefining \] on input line 2666.
)
(/usr/share/texlive/texmf-dist/tex/latex/base/fontenc.sty
Package: fontenc 2005/09/27 v1.99g Standard LaTeX package

(/usr/share/texlive/texmf-dist/tex/latex/base/t1enc.def
File: t1enc.def 2005/09/27 v1.99g Standard LaTeX file
LaTeX Font Info:    Redeclaring font encoding T1 on input line 43.
))
(/usr/share/texlive/texmf-dist/tex/latex/tools/xspace.sty
Package: xspace 2009/10/20 v1.13 Space after command names (DPC,MH)
)
(/usr/share/texlive/texmf-dist/tex/latex/mparhack/mparhack.sty
Package: mparhack 2005/04/17 v1.4 (T. Sgouros and S. Ulrich)
)
(/usr/share/texlive/texmf-dist/tex/latex/base/fixltx2e.sty
Package: fixltx2e 2006/09/13 v1.1m fixes to LaTeX
LaTeX Info: Redefining \em on input line 420.
LaTeX Info: Redefining \textsubscript on input line 424.
LaTeX Info: The control sequence `\[' is already robust on input line 471.
LaTeX Info: The control sequence `\]' is already robust on input line 472.
)
(/usr/share/texlive/texmf-dist/tex/latex/acronym/acronym.sty
Package: acronym 2012/10/29 v1.38 Support for acronyms (Tobias Oetiker)

(/usr/share/texlive/texmf-dist/tex/latex/bigfoot/suffix.sty
Package: suffix 2006/07/15 1.5 Variant command support
)
(/usr/share/texlive/texmf-dist/tex/generic/xstring/xstring.sty
(/usr/share/texlive/texmf-dist/tex/generic/xstring/xstring.tex
\@xs@message=\write4
\integerpart=\count146
\decimalpart=\count147
)
Package: xstring 2013/10/13  v1.7c  String manipulations (C Tellechea)
)
(/usr/share/texlive/texmf-dist/tex/latex/relsize/relsize.sty
Package: relsize 2013/03/29 ver 4.1
)
\AC@clearlist=\toks36
)
(/usr/share/texlive/texmf-dist/tex/latex/caption/caption.sty
Package: caption 2013/05/02 v3.3-89 Customizing captions (AR)

(/usr/share/texlive/texmf-dist/tex/latex/caption/caption3.sty
Package: caption3 2013/05/02 v1.6-88 caption3 kernel (AR)
Package caption3 Info: TeX engine: e-TeX on input line 57.
\captionmargin=\dimen176
\captionmargin@=\dimen177
\captionwidth=\dimen178
\caption@tempdima=\dimen179
\caption@indent=\dimen180
\caption@parindent=\dimen181
\caption@hangindent=\dimen182
)
Package caption Info: KOMA-Script document class.
\c@ContinuedFloat=\count148
Package caption Info: float package is loaded.
)
(/usr/share/texlive/texmf-dist/tex/latex/subfig/subfig.sty
Package: subfig 2005/06/28 ver: 1.3 subfig package
\c@KVtest=\count149
\sf@farskip=\skip55
\sf@captopadj=\dimen183
\sf@capskip=\skip56
\sf@nearskip=\skip57
\c@subfigure=\count150
\c@subfigure@save=\count151
\c@lofdepth=\count152
\c@subtable=\count153
\c@subtable@save=\count154
\c@lotdepth=\count155
\sf@top=\skip58
\sf@bottom=\skip59
)
(/usr/share/texlive/texmf-dist/tex/latex/listings/listings.sty
\lst@mode=\count156
\lst@gtempboxa=\box42
\lst@token=\toks37
\lst@length=\count157
\lst@currlwidth=\dimen184
\lst@column=\count158
\lst@pos=\count159
\lst@lostspace=\dimen185
\lst@width=\dimen186
\lst@newlines=\count160
\lst@lineno=\count161
\lst@maxwidth=\dimen187

(/usr/share/texlive/texmf-dist/tex/latex/listings/lstmisc.sty
File: lstmisc.sty 2013/08/26 1.5b (Carsten Heinz)
\c@lstnumber=\count162
\lst@skipnumbers=\count163
\lst@framebox=\box43
)
(/usr/share/texlive/texmf-dist/tex/latex/listings/listings.cfg
File: listings.cfg 2013/08/26 1.5b listings configuration
))
Package: listings 2013/08/26 1.5b (Carsten Heinz)

(/usr/share/texlive/texmf-dist/tex/latex/listings/lstlang1.sty
File: lstlang1.sty 2013/08/26 1.5b listings language file
)

! Package keyval Error: procnamekeys undefined.

See the keyval package documentation for explanation.
Type  H <return>  for immediate help.
 ...                                              
                                                  
l.161         breaklines=true}
                            
Try typing  <return>  to proceed.
If that doesn't work, type  X <return>  to quit.

(/usr/share/texlive/texmf-dist/tex/latex/hyperref/hyperref.sty
Package: hyperref 2012/11/06 v6.83m Hypertext links for LaTeX

(/usr/share/texlive/texmf-dist/tex/generic/oberdiek/hobsub-hyperref.sty
Package: hobsub-hyperref 2012/05/28 v1.13 Bundle oberdiek, subset hyperref (HO)

(/usr/share/texlive/texmf-dist/tex/generic/oberdiek/hobsub-generic.sty
Package: hobsub-generic 2012/05/28 v1.13 Bundle oberdiek, subset generic (HO)
Package: hobsub 2012/05/28 v1.13 Construct package bundles (HO)
Package hobsub Info: Skipping package `infwarerr' (already loaded).
Package hobsub Info: Skipping package `ltxcmds' (already loaded).
Package hobsub Info: Skipping package `ifluatex' (already loaded).
Package: ifvtex 2010/03/01 v1.5 Detect VTeX and its facilities (HO)
Package ifvtex Info: VTeX not detected.
Package: intcalc 2007/09/27 v1.1 Expandable calculations with integers (HO)
Package hobsub Info: Skipping package `ifpdf' (already loaded).
Package: etexcmds 2011/02/16 v1.5 Avoid name clashes with e-TeX commands (HO)
Package: kvsetkeys 2012/04/25 v1.16 Key value parser (HO)
Package: kvdefinekeys 2011/04/07 v1.3 Define keys (HO)
Package hobsub Info: Skipping package `luatex-loader' (already loaded).
Package hobsub Info: Skipping package `pdftexcmds' (already loaded).
Package: pdfescape 2011/11/25 v1.13 Implements pdfTeX's escape features (HO)
Package: bigintcalc 2012/04/08 v1.3 Expandable calculations on big integers (HO)

Package: bitset 2011/01/30 v1.1 Handle bit-vector datatype (HO)
Package: uniquecounter 2011/01/30 v1.2 Provide unlimited unique counter (HO)
)
Package hobsub Info: Skipping package `hobsub' (already loaded).
Package: letltxmacro 2010/09/02 v1.4 Let assignment for LaTeX macros (HO)
Package: hopatch 2012/05/28 v1.2 Wrapper for package hooks (HO)
Package: xcolor-patch 2011/01/30 xcolor patch
Package: atveryend 2011/06/30 v1.8 Hooks at the very end of document (HO)
Package atveryend Info: \enddocument detected (standard20110627).
Package: atbegshi 2011/10/05 v1.16 At begin shipout hook (HO)
Package: refcount 2011/10/16 v3.4 Data extraction from label references (HO)
Package: hycolor 2011/01/30 v1.7 Color options for hyperref/bookmark (HO)
)
(/usr/share/texlive/texmf-dist/tex/generic/ifxetex/ifxetex.sty
Package: ifxetex 2010/09/12 v0.6 Provides ifxetex conditional
)
(/usr/share/texlive/texmf-dist/tex/latex/oberdiek/auxhook.sty
Package: auxhook 2011/03/04 v1.3 Hooks for auxiliary files (HO)
)
(/usr/share/texlive/texmf-dist/tex/latex/oberdiek/kvoptions.sty
Package: kvoptions 2011/06/30 v3.11 Key value format for package options (HO)
)
\@linkdim=\dimen188
\Hy@linkcounter=\count164
\Hy@pagecounter=\count165

(/usr/share/texlive/texmf-dist/tex/latex/hyperref/pd1enc.def
File: pd1enc.def 2012/11/06 v6.83m Hyperref: PDFDocEncoding definition (HO)
)
\Hy@SavedSpaceFactor=\count166

(/usr/share/texlive/texmf-dist/tex/latex/latexconfig/hyperref.cfg
File: hyperref.cfg 2002/06/06 v1.2 hyperref configuration of TeXLive
)
Package hyperref Info: Option `hyperfootnotes' set `false' on input line 4319.
Package hyperref Info: Option `pdfpagelabels' set `true' on input line 4319.
Package hyperref Info: Hyper figures OFF on input line 4443.
Package hyperref Info: Link nesting OFF on input line 4448.
Package hyperref Info: Hyper index ON on input line 4451.
Package hyperref Info: Plain pages OFF on input line 4458.
Package hyperref Info: Backreferencing OFF on input line 4463.
Package hyperref Info: Implicit mode ON; LaTeX internals redefined.
Package hyperref Info: Bookmarks ON on input line 4688.
\c@Hy@tempcnt=\count167

(/usr/share/texlive/texmf-dist/tex/latex/url/url.sty
\Urlmuskip=\muskip11
Package: url 2013/09/16  ver 3.4  Verb mode for urls, etc.
)
LaTeX Info: Redefining \url on input line 5041.
\XeTeXLinkMargin=\dimen189
\Fld@menulength=\count168
\Field@Width=\dimen190
\Fld@charsize=\dimen191
Package hyperref Info: Hyper figures OFF on input line 6295.
Package hyperref Info: Link nesting OFF on input line 6300.
Package hyperref Info: Hyper index ON on input line 6303.
Package hyperref Info: backreferencing OFF on input line 6310.
Package hyperref Info: Link coloring OFF on input line 6315.
Package hyperref Info: Link coloring with OCG OFF on input line 6320.
Package hyperref Info: PDF/A mode OFF on input line 6325.
LaTeX Info: Redefining \ref on input line 6365.
LaTeX Info: Redefining \pageref on input line 6369.
\Hy@abspage=\count169
\c@Item=\count170
)

Package hyperref Message: Driver: hpdftex.

(/usr/share/texlive/texmf-dist/tex/latex/hyperref/hpdftex.def
File: hpdftex.def 2012/11/06 v6.83m Hyperref driver for pdfTeX
\Fld@listcount=\count171
\c@bookmark@seq@number=\count172

(/usr/share/texlive/texmf-dist/tex/latex/oberdiek/rerunfilecheck.sty
Package: rerunfilecheck 2011/04/15 v1.7 Rerun checks for auxiliary files (HO)
Package uniquecounter Info: New unique counter `rerunfilecheck' on input line 28
2.
)
\Hy@SectionHShift=\skip60
)
Package hyperref Info: Option `colorlinks' set `true' on input line 190.
Package hyperref Info: Option `linktocpage' set `true' on input line 190.
Package hyperref Info: Option `breaklinks' set `true' on input line 190.
Package hyperref Info: Option `pageanchor' set `true' on input line 190.
Package hyperref Info: Option `plainpages' set `false' on input line 190.
Package hyperref Info: Option `bookmarksnumbered' set `true' on input line 190.
Package hyperref Info: Option `bookmarksopen' set `true' on input line 190.
Package hyperref Info: Option `hypertexnames' set `true' on input line 190.

! Undefined control sequence.
<argument> \textcopyright \ \myName 
                         , \myUni , \myFaculty 
l.190 }
     
The control sequence at the end of the top line
of your error message was never \def'ed. If you have
misspelled it (e.g., `\hobx'), type `I' and the correct
spelling (e.g., `I\hbox'). Otherwise just continue,
and I'll forget about whatever was undefined.

(/usr/share/texlive/texmf-dist/tex/latex/base/ifthen.sty
Package: ifthen 2001/05/26 v1.1c Standard LaTeX ifthen package (DPC)
) (./classicthesis.sty
Package: classicthesis 2011/12/17 v4.0 Typographic style for a classic-looking t
hesis

(/usr/share/texlive/texmf-dist/tex/latex/psnfss/mathpazo.sty
Package: mathpazo 2005/04/12 PSNFSS-v9.2a Palatino w/ Pazo Math (D.Puga, WaS) 
\symupright=\mathgroup4
)
(/usr/share/texlive/texmf-dist/tex/latex/bera/beramono.sty
Package: beramono 2004/01/31 (WaS)
)
(/usr/share/texlive/texmf-dist/tex/latex/eulervm/eulervm.sty
Package: eulervm 2005/01/11 v4.0 (WaS)
)
(/usr/share/texlive/texmf-dist/tex/latex/microtype/microtype.sty
Package: microtype 2013/05/23 v2.5a Micro-typographical refinements (RS)
\MT@toks=\toks38
\MT@count=\count173
LaTeX Info: Redefining \textls on input line 766.
\MT@outer@kern=\dimen192
LaTeX Info: Redefining \textmicrotypecontext on input line 1285.
\MT@listname@count=\count174

(/usr/share/texlive/texmf-dist/tex/latex/microtype/microtype-luatex.def
File: microtype-luatex.def 2013/05/23 v2.5a Definitions specific to luatex (RS)

(/usr/share/texlive/texmf-dist/tex/luatex/luatexbase/luatexbase.sty
Package: luatexbase 2013/05/11 v0.6 Resource management for the LuaTeX macro pro
grammer

(/usr/share/texlive/texmf-dist/tex/generic/oberdiek/luatex.sty
Package: luatex 2010/03/09 v0.4 LuaTeX basic definition package (HO)

(/usr/share/texlive/texmf-dist/tex/latex/etex-pkg/etex.sty
Package: etex 1998/03/26 v2.0 eTeX basic definition package (PEB)
\et@xins=\count175
)
\LuT@AllocAttribute=\count277
\LuT@AllocCatcodeTable=\count278
\CatcodeTableStack=\count279
\CatcodeTableIniTeX=\catcodetable1
\CatcodeTableString=\catcodetable3
\CatcodeTableOther=\catcodetable5
\CatcodeTableLaTeX=\catcodetable7
)
(/usr/share/texlive/texmf-dist/tex/luatex/luatexbase/luatexbase-compat.sty
Package: luatexbase-compat 2011/05/24 v0.4 Compatibility tools for LuaTeX
)
(/usr/share/texlive/texmf-dist/tex/luatex/luatexbase/luatexbase-modutils.sty
Package: luatexbase-modutils 2013/05/11 v0.6 Module utilities for LuaTeX

(/usr/share/texlive/texmf-dist/tex/luatex/luatexbase/luatexbase-loader.sty
Package: luatexbase-loader 2013/05/11 v0.6 Lua module loader for LuaTeX

(/usr/share/texlive/texmf-dist/tex/luatex/luatexbase/luatexbase.loader.lua))
(/usr/share/texlive/texmf-dist/tex/luatex/luatexbase/modutils.lua)
Lua module: luatexbase-modutils 2013/05/11 0.6 Module utilities for LuaTeX
)
(/usr/share/texlive/texmf-dist/tex/luatex/luatexbase/luatexbase-regs.sty
Package: luatexbase-regs 2011/05/24 v0.4 Registers allocation for LuaTeX
)
(/usr/share/texlive/texmf-dist/tex/luatex/luatexbase/luatexbase-attr.sty
Package: luatexbase-attr 2013/05/11 v0.6 Attributes allocation for LuaTeX

(/usr/share/texlive/texmf-dist/tex/luatex/luatexbase/attr.lua)
Lua module: luatexbase-attr 2013/05/11 0.6 Attributes allocation for LuaTeX
\lltxb@attr@unsetvalue=\count280
)
(/usr/share/texlive/texmf-dist/tex/luatex/luatexbase/luatexbase-cctb.sty
Package: luatexbase-cctb 2013/05/11 v0.6 Catcodetable allocation for LuaTeX

(/usr/share/texlive/texmf-dist/tex/luatex/luatexbase/cctb.lua)
Lua module: luatexbase-cctb 2013/05/11 0.6 Catcodetable allocation for LuaTeX
\lltxb@catcodetable@alloc=\count281
\CatcodeTableStack=\count282
\CatcodeTableIniTeX=\luatexcatcodetable1
\CatcodeTableString=\luatexcatcodetable3
\CatcodeTableOther=\luatexcatcodetable5
\CatcodeTableLaTeX=\luatexcatcodetable7
\CatcodeTableLaTeXAtLetter=\luatexcatcodetable9
\CatcodeTableExpl=\luatexcatcodetable11
)
(/usr/share/texlive/texmf-dist/tex/luatex/luatexbase/luatexbase-mcb.sty
Package: luatexbase-mcb 2013/05/11 v0.6 Callback management for LuaTeX

(/usr/share/texlive/texmf-dist/tex/luatex/luatexbase/mcb.lua)
Lua module: luatexbase-mcb 2013/05/11 0.6 register several functions in a callba
ck
))
(/usr/share/texlive/texmf-dist/tex/latex/microtype/microtype.lua)
Lua module: microtype 2013/05/15 2.5 microtype module.
LaTeX Info: Redefining \lsstyle on input line 644.
LaTeX Info: Redefining \lslig on input line 644.
\MT@outer@space=\skip256
)
Package microtype Info: Loading configuration file microtype.cfg.

(/usr/share/texlive/texmf-dist/tex/latex/microtype/microtype.cfg
File: microtype.cfg 2013/05/23 v2.5a microtype main configuration file (RS)
))
Package classicthesis Info: A4 paper, Palatino or other on input line 252.
Package typearea Info: These are the values describing the layout:
(typearea)             DIV  = areaset
(typearea)             BCOR = 14.22636pt
(typearea)             \paperwidth      = 597.50793pt
(typearea)              \textwidth      = 336.0pt
(typearea)              \evensidemargin = 92.58438pt
(typearea)              \oddsidemargin  = 24.38356pt
(typearea)             \paperheight     = 845.04694pt
(typearea)              \textheight     = 666.04997pt
(typearea)              \topmargin      = -40.58768pt
(typearea)              \headheight     = 15.95pt
(typearea)              \headsep        = 20.40001pt
(typearea)              \topskip        = 11.0pt
(typearea)              \footskip       = 47.60002pt
(typearea)              \baselineskip   = 13.6pt
(typearea)              on input line 252.

(/usr/share/texlive/texmf-dist/tex/latex/booktabs/booktabs.sty
Package: booktabs 2005/04/14 v1.61803 publication quality tables
\heavyrulewidth=\dimen256
\lightrulewidth=\dimen257
\cmidrulewidth=\dimen258
\belowrulesep=\dimen259
\belowbottomsep=\dimen260
\aboverulesep=\dimen261
\abovetopsep=\dimen262
\cmidrulesep=\dimen263
\cmidrulekern=\dimen264
\defaultaddspace=\dimen265
\@cmidla=\count283
\@cmidlb=\count284
\@aboverulesep=\dimen266
\@belowrulesep=\dimen267
\@thisruleclass=\count285
\@lastruleclass=\count286
\@thisrulewidth=\dimen268
)
(/usr/share/texlive/texmf-dist/tex/latex/textcase/textcase.sty
Package: textcase 2004/10/07 v0.07 Text only upper/lower case changing (DPC)
)
Package classicthesis Info: Using pdftex/microtype for character spacing.Make su
re your pdftex is version 1.40 or higher. on input line 324.

(/usr/share/texlive/texmf-dist/tex/latex/koma-script/scrpage2.sty
Package: scrpage2 2013/12/19 v3.12 KOMA-Script package (page head and foot)
LaTeX Info: Redefining \pagemark on input line 174.
)

Class scrreprt Warning: Usage of package `titlesec' together
(scrreprt)              with a KOMA-Script class is not recommended.
(scrreprt)              I'd suggest to use the package only
(scrreprt)              if you really need it, because it breaks several
(scrreprt)              KOMA-Script features, i.e., option `headings' and
(scrreprt)              the extended optional argument of the section
(scrreprt)              commands .
(scrreprt)              Nevertheless, using requested
(scrreprt)              package `titlesec' on input line 355.

(/usr/share/texlive/texmf-dist/tex/latex/titlesec/titlesec.sty
Package: titlesec 2011/12/15 v2.10.0 Sectioning titles
\ttl@box=\box256
\beforetitleunit=\skip257
\aftertitleunit=\skip258
\ttl@plus=\dimen269
\ttl@minus=\dimen270
\ttl@toksa=\toks39
\titlewidth=\dimen271
\titlewidthlast=\dimen272
\titlewidthfirst=\dimen273
)
(/usr/share/texlive/texmf-dist/tex/latex/tocloft/tocloft.sty
Package: tocloft 2013/05/02 v2.3f parameterised ToC, etc., typesetting
Package tocloft Info: The document has chapter divisions on input line 44.
\cftparskip=\skip259
\cftbeforetoctitleskip=\skip260
\cftaftertoctitleskip=\skip261
\cftbeforepartskip=\skip262
\cftpartnumwidth=\skip263
\cftpartindent=\skip264
\cftbeforechapskip=\skip265
\cftchapindent=\skip266
\cftchapnumwidth=\skip267
\cftbeforesecskip=\skip268
\cftsecindent=\skip269
\cftsecnumwidth=\skip270
\cftbeforesubsecskip=\skip271
\cftsubsecindent=\skip272
\cftsubsecnumwidth=\skip273
\cftbeforesubsubsecskip=\skip274
\cftsubsubsecindent=\skip275
\cftsubsubsecnumwidth=\skip276
\cftbeforeparaskip=\skip277
\cftparaindent=\skip278
\cftparanumwidth=\skip279
\cftbeforesubparaskip=\skip280
\cftsubparaindent=\skip281
\cftsubparanumwidth=\skip282
\cftbeforeloftitleskip=\skip283
\cftafterloftitleskip=\skip284
\cftbeforefigskip=\skip285
\cftfigindent=\skip286
\cftfignumwidth=\skip287
\cftbeforelottitleskip=\skip288
\cftafterlottitleskip=\skip289
\cftbeforetabskip=\skip290
\cfttabindent=\skip291
\cfttabnumwidth=\skip292
\cftbeforesubfigskip=\skip293
\cftsubfigindent=\skip294
\cftsubfignumwidth=\skip295
\cftbeforesubtabskip=\skip296
\cftsubtabindent=\skip297
\cftsubtabnumwidth=\skip298
)
\newnumberwidth=\skip299
\beforebibskip=\skip300
\newchnumberwidth=\skip301

! Undefined control sequence.
\@gtempa ... \ifnum \@ne =\@ne \fi \if@tocaligned 
                                                  \relax \TE@setvaltrue \els...
l.474       \ifthenelse{\boolean{@tocaligned}}
                                            {\renewcommand{\cftsecindent}{0e...
The control sequence at the end of the top line
of your error message was never \def'ed. If you have
misspelled it (e.g., `\hobx'), type `I' and the correct
spelling (e.g., `I\hbox'). Otherwise just continue,
and I'll forget about whatever was undefined.

! Extra \fi.
\@gtempa ...E@setvalfalse \fi \TE@negatefalse \fi 
                                                  
l.474       \ifthenelse{\boolean{@tocaligned}}
                                            {\renewcommand{\cftsecindent}{0e...
I'm ignoring this; it doesn't match any \if.

! Undefined control sequence.
\@gtempa ... \ifnum \@ne =\@ne \fi \if@tocaligned 
                                                  \relax \TE@setvaltrue \els...
l.483       \ifthenelse{\boolean{@tocaligned}}
                                            {\renewcommand{\cftsubsecindent}...
The control sequence at the end of the top line
of your error message was never \def'ed. If you have
misspelled it (e.g., `\hobx'), type `I' and the correct
spelling (e.g., `I\hbox'). Otherwise just continue,
and I'll forget about whatever was undefined.

! Extra \fi.
\@gtempa ...E@setvalfalse \fi \TE@negatefalse \fi 
                                                  
l.483       \ifthenelse{\boolean{@tocaligned}}
                                            {\renewcommand{\cftsubsecindent}...
I'm ignoring this; it doesn't match any \if.

! Undefined control sequence.
\@gtempa ... \ifnum \@ne =\@ne \fi \if@tocaligned 
                                                  \relax \TE@setvaltrue \els...
l.492       \ifthenelse{\boolean{@tocaligned}}
                                            {\renewcommand{\cftsubsubsecinde...
The control sequence at the end of the top line
of your error message was never \def'ed. If you have
misspelled it (e.g., `\hobx'), type `I' and the correct
spelling (e.g., `I\hbox'). Otherwise just continue,
and I'll forget about whatever was undefined.

! Extra \fi.
\@gtempa ...E@setvalfalse \fi \TE@negatefalse \fi 
                                                  
l.492       \ifthenelse{\boolean{@tocaligned}}
                                            {\renewcommand{\cftsubsubsecinde...
I'm ignoring this; it doesn't match any \if.

\figurelabelwidth=\skip302
\tablelabelwidth=\skip303
\c@listings=\count287
\cftbeforelistingsskip=\skip304
\cftlistingsindent=\skip305
\cftlistingsnumwidth=\skip306
\c@loldepth=\count288
\cftbeforeloltitleskip=\skip307
\cftafterloltitleskip=\skip308
\listingslabelwidth=\skip309
Using KOMA-command "deffootnote" for footnote setup
(/usr/share/texlive/texmf-dist/tex/latex/koma-script/scrtime.sty
Package: scrtime 2011/03/31 v3.08b KOMA-Script package (time of LaTeX run)
)
(/usr/share/texlive/texmf-dist/tex/latex/carlisle/remreset.sty))) (./main.aux
(./FrontBackMatter/Titlepage.aux) (./Chapters/front_thingy.aux)
(./FrontBackMatter/Acknowledgments.aux) (./FrontBackMatter/Preface.aux)
(./FrontBackMatter/Contents.aux) (./Chapters/Introduction.aux)
(./Chapters/Theory.aux) (./Chapters/Methodology.aux)
(./Chapters/Implementation.aux

LaTeX Warning: Label `fig:inputs' multiply defined.

) (./Chapters/Analysis.aux

LaTeX Warning: Label `fig:analysis_2' multiply defined.


LaTeX Warning: Label `sub@fig:analysis_2' multiply defined.


LaTeX Warning: Label `fig:analysis_3' multiply defined.


LaTeX Warning: Label `sub@fig:analysis_3' multiply defined.

) (./Chapters/Discussion.aux

LaTeX Warning: Label `ch:introduction' multiply defined.

) (./Chapters/Perspectives.aux) (./Chapters/Conclusion.aux)
(./FrontBackMatter/Bibliography.aux))
LaTeX Font Info:    Checking defaults for OML/cmm/m/it on input line 39.
LaTeX Font Info:    ... okay on input line 39.
LaTeX Font Info:    Checking defaults for T1/cmr/m/n on input line 39.
LaTeX Font Info:    ... okay on input line 39.
LaTeX Font Info:    Checking defaults for OT1/cmr/m/n on input line 39.
LaTeX Font Info:    ... okay on input line 39.
LaTeX Font Info:    Checking defaults for OMS/cmsy/m/n on input line 39.
LaTeX Font Info:    ... okay on input line 39.
LaTeX Font Info:    Checking defaults for OMX/cmex/m/n on input line 39.
LaTeX Font Info:    ... okay on input line 39.
LaTeX Font Info:    Checking defaults for U/cmr/m/n on input line 39.
LaTeX Font Info:    ... okay on input line 39.
LaTeX Font Info:    Checking defaults for PD1/pdf/m/n on input line 39.
LaTeX Font Info:    ... okay on input line 39.
LaTeX Font Info:    Try loading font information for T1+pplj on input line 39.

(/usr/share/texlive/texmf-dist/tex/latex/psnfss/t1pplj.fd
File: t1pplj.fd 2004/09/06 font definitions for T1/pplj.
)
ABD: EveryShipout initializing macros
(/usr/share/texlive/texmf-dist/tex/context/base/supp-pdf.mkii
[Loading MPS to PDF converter (version 2006.09.02).]
\scratchcounter=\count289
\scratchdimen=\dimen274
\scratchbox=\box257
\nofMPsegments=\count290
\nofMParguments=\count291
\everyMPshowfont=\toks40
\MPscratchCnt=\count292
\MPscratchDim=\dimen275
\MPnumerator=\count293
\makeMPintoPDFobject=\count294
\everyMPtoPDFconversion=\toks41
) (/usr/share/texlive/texmf-dist/tex/latex/oberdiek/epstopdf-base.sty
Package: epstopdf-base 2010/02/09 v2.5 Base part for package epstopdf

(/usr/share/texlive/texmf-dist/tex/latex/oberdiek/grfext.sty
Package: grfext 2010/08/19 v1.1 Manage graphics extensions (HO)
)
Package grfext Info: Graphics extension search list:
(grfext)             [.png,.pdf,.jpg,.mps,.jpeg,.jbig2,.jb2,.PNG,.PDF,.JPG,.JPEG
,.JBIG2,.JB2,.eps]
(grfext)             \AppendGraphicsExtensions on input line 452.

(/usr/share/texlive/texmf-dist/tex/latex/latexconfig/epstopdf-sys.cfg
File: epstopdf-sys.cfg 2010/07/13 v1.3 Configuration of (r)epstopdf for TeX Live

))
Package caption Info: Begin \AtBeginDocument code.
Package caption Info: subfig package v1.3 is loaded.
Package caption Info: hyperref package is loaded.
Package caption Info: listings package is loaded.
Package caption Info: End \AtBeginDocument code.
\c@lstlisting=\count295
\AtBeginShipoutBox=\box258
Package hyperref Info: Link coloring ON on input line 39.

(/usr/share/texlive/texmf-dist/tex/latex/hyperref/nameref.sty
Package: nameref 2012/10/27 v2.43 Cross-referencing by name of section

(/usr/share/texlive/texmf-dist/tex/generic/oberdiek/gettitlestring.sty
Package: gettitlestring 2010/12/03 v1.4 Cleanup title references (HO)
)
\c@section@level=\count296
)
LaTeX Info: Redefining \ref on input line 39.
LaTeX Info: Redefining \pageref on input line 39.
LaTeX Info: Redefining \nameref on input line 39.

(./main.out) (./main.out)
\@outlinefile=\write5
LaTeX Info: Redefining \microtypecontext on input line 39.
Package microtype Info: Generating PDF output.
Package microtype Info: Character protrusion enabled (level 2).
Package microtype Info: Using default protrusion set `alltext'.
Package microtype Info: No font expansion.
Package microtype Info: No adjustment of tracking.
Package microtype Info: No adjustment of spacing.
Package microtype Info: No adjustment of kerning.

(/usr/share/texlive/texmf-dist/tex/latex/microtype/mt-ppl.cfg
File: mt-ppl.cfg 2005/11/16 v1.6 microtype config. file: Palatino (RS)
)
(./FrontBackMatter/Titlepage.tex [1




{/var/lib/texmf/fonts/map/pdftex/updmap/pdftex.map}]) [2



] (./Chapters/front_thingy.tex
<Chapters/aau_studentreport.pdf, id=280, 114.99461pt x 75.28325pt>
File: Chapters/aau_studentreport.pdf Graphic file (type pdf)

<use Chapters/aau_studentreport.pdf>
Package pdftex.def Info: Chapters/aau_studentreport.pdf used on input line 10.
(pdftex.def)             Requested size: 134.39795pt x 87.99257pt.
LaTeX Font Info:    Font shape `T1/pplj/bx/n' in size <10.95> not available
(Font)              Font shape `T1/pplj/b/n' tried instead on input line 14.

Underfull \hbox (badness 10000) in paragraph at lines 16--17
[][]\T1/pplj/bx/n/10.95 Sub-ti-tle: \T1/pplj/m/n/10.95 An on-line open
 []


Underfull \hbox (badness 2310) in paragraph at lines 16--17
\T1/pplj/m/n/10.95 source ap-pli-ca-tion for flood
 []


Underfull \hbox (badness 10000) in paragraph at lines 27--28

 []


Underfull \hbox (badness 10000) in paragraph at lines 29--31

 []


Underfull \hbox (badness 10000) in paragraph at lines 34--38

 []


Underfull \hbox (badness 10000) in paragraph at lines 49--49
[][]\T1/pplj/m/n/10 Ge-o-graph-i-cal In-for-ma-tion Sys-
 []


Underfull \hbox (badness 2245) in paragraph at lines 49--49
\T1/pplj/m/n/10 tems have be-come widespread
 []


Underfull \hbox (badness 2221) in paragraph at lines 49--49
\T1/pplj/m/n/10 dur-ing the past decades. This
 []


Underfull \hbox (badness 2865) in paragraph at lines 49--49
\T1/pplj/m/n/10 evo-lu-tion has also en-cour-aged
 []


Underfull \hbox (badness 2426) in paragraph at lines 49--49
\T1/pplj/m/n/10 way to com-bine var-i-ous open
 []


Underfull \hbox (badness 3240) in paragraph at lines 49--49
\T1/pplj/m/n/10 of-fers the user the pos-si-bil-ity
 []


Underfull \hbox (badness 10000) in paragraph at lines 49--49

 []

)
LaTeX Font Info:    Try loading font information for U+zeur on input line 64.
 (/usr/share/texlive/texmf-dist/tex/latex/eulervm/uzeur.fd
File: uzeur.fd 2005/01/11 v4.0 (WaS)
)
(/usr/share/texlive/texmf-dist/tex/latex/microtype/mt-eur.cfg
File: mt-eur.cfg 2006/07/31 v1.1 microtype config. file: AMS Euler Roman (RS)
)
LaTeX Font Info:    Try loading font information for U+zeus on input line 64.

(/usr/share/texlive/texmf-dist/tex/latex/eulervm/uzeus.fd
File: uzeus.fd 2005/01/11 v4.0 (WaS)
)
(/usr/share/texlive/texmf-dist/tex/latex/microtype/mt-eus.cfg
File: mt-eus.cfg 2006/07/28 v1.2 microtype config. file: AMS Euler Script (RS)
)
LaTeX Font Info:    Try loading font information for U+zeuex on input line 64.

(/usr/share/texlive/texmf-dist/tex/latex/eulervm/uzeuex.fd
File: uzeuex.fd 2005/01/11 v4.0 (WaS)
)
LaTeX Font Info:    Try loading font information for OT1+zplm on input line 64.

(/usr/share/texlive/texmf-dist/tex/latex/psnfss/ot1zplm.fd
File: ot1zplm.fd 2002/09/08 Fontinst v1.914 font definitions for OT1/zplm.
)
Package microtype Info: Loading generic settings for font family
(microtype)             `zplm' (encoding: OT1).
(microtype)             For optimal results, create family-specific settings.
(microtype)             See the microtype manual for details.
 [3

 <./Chapters/aau_studentreport.pdf>] [4



] (./FrontBackMatter/Acknowledgments.tex
Underfull \hbox (badness 10000) in paragraph at lines 15--16

 []

) [5

] [6



] (./FrontBackMatter/Preface.tex
LaTeX Font Info:    Try loading font information for OMS+pplj on input line 16.
LaTeX Font Info:    No file OMSpplj.fd. on input line 16.


LaTeX Font Warning: Font shape `OMS/pplj/m/n' undefined
(Font)              using `OMS/cmsy/m/n' instead
(Font)              for symbol `textbullet' on input line 16.

LaTeX Font Info:    Try loading font information for T1+fvm on input line 22.
(/usr/share/texlive/texmf-dist/tex/latex/bera/t1fvm.fd
File: t1fvm.fd 2004/09/07 scalable font definitions for T1/fvm.
)
LaTeX Font Info:    Font shape `T1/fvm/m/n' will be
(Font)              scaled to size 9.30756pt on input line 22.
Package microtype Info: Loading generic settings for font family
(microtype)             `fvm' (encoding: T1).
(microtype)             For optimal results, create family-specific settings.
(microtype)             See the microtype manual for details.
) [7

] [8



]
(./FrontBackMatter/Contents.tex
Package tocbasic Info: character protrusion at toc deactivated on input line 13.

 (./main.toc
Package microtype Info: Character `029' is missing
(microtype)             in font `T1/pplj/m/sc/10.95'.
(microtype)             Ignoring protrusion settings for this character.
 [9



])
\tf@toc=\write6
 [10]
Package tocbasic Info: character protrusion at lof deactivated on input line 33.

 (./main.lof
Overfull \hbox (5.18906pt too wide) in paragraph at lines 7--7
 [][][] []\T1/pplj/m/n/10.95 Fig-ure show-ing im-por-tant con-cepts when work- 

 []


Overfull \hbox (0.7543pt too wide) in paragraph at lines 8--8
 [][][] []\T1/pplj/m/n/10.95 Fig-ure show-ing how cost dis-tance works ([][]ESR
I[][], 
 []


Overfull \hbox (42.9603pt too wide) in paragraph at lines 11--11
 [][][] []\T1/pplj/m/n/10.95 An ex-am-ple model built in Ar-cGIS mod-el-builder
. []  
 []


Overfull \hbox (9.35547pt too wide) in paragraph at lines 12--12
 [][][] []\T1/pplj/m/n/10.95 Gantt-chart show-ing the over-lap of phases []  
 []


Overfull \hbox (37.59634pt too wide) in paragraph at lines 22--22
 [][][] []\T1/pplj/m/n/10.95 Dif-fer-ence of flood ex-tent, based on model used
. []  
 []


Overfull \hbox (37.4641pt too wide) in paragraph at lines 24--24
 [][][] []\T1/pplj/m/n/10.95 Show-ing the con-cepts of find-ing the pour-points
. []  
 []


Overfull \hbox (26.15282pt too wide) in paragraph at lines 35--35
 [][][] []\T1/pplj/m/n/10.95 Show-ing the bar-rier hard-coded into the DEM. [] 
 
 []


Overfull \hbox (28.14574pt too wide) in paragraph at lines 47--47
 [][][] []\T1/pplj/m/n/10.95 Ac-cess-ing the pos-si-bil-ity of up-load-ing a DE
M. []  
 []


Overfull \hbox (25.28696pt too wide) in paragraph at lines 52--52
 [][][] []\T1/pplj/m/n/10.95 Ar-cGIS mod-el-builder work-flow of old model. [] 
 
 []


Overfull \hbox (22.10052pt too wide) in paragraph at lines 57--57
 [][][] []\T1/pplj/m/n/10.95 Out-put of the GRASS mod-elling ap-proaches. []  
 []


Overfull \hbox (17.22855pt too wide) in paragraph at lines 60--60
 [][][] []\T1/pplj/m/n/10.95 Im-age show-ing No-Data val-ues in tiff im-age. []
  
 []

)
\tf@lof=\write7
 [11

] [12]
Package tocbasic Info: character protrusion at lot deactivated on input line 46.

 (./main.lot
Overfull \hbox (26.54704pt too wide) in paragraph at lines 11--11
 [][][] []\T1/pplj/m/n/10.95 Rel-a-tive cell co-or-di-nates to the cen-ter cell
 (0,0) []  
 []

)
\tf@lot=\write8
) [13] [14



] (./Chapters/Introduction.tex
Chapter 1.

Class scrreprt Warning: \float@addtolists detected!
(scrreprt)              Implementation of \float@addtolist became
(scrreprt)              deprecated in KOMA-Script v3.01 2008/11/14 and
(scrreprt)              has been replaced by more several more flexible
(scrreprt)              features of package `tocbasic`.
(scrreprt)              Since Version 3.12 support for deprecated
(scrreprt)              \float@addtolist interface has been
(scrreprt)              restricted to only some of the KOMA-Script
(scrreprt)              features and been removed from others.
(scrreprt)              Loading of package `scrhack' may help to
(scrreprt)              avoid this warning, if you are using a
(scrreprt)              a package that still implements the
(scrreprt)              deprecated \float@addtolist interface .


Underfull \hbox (badness 10000) in paragraph at lines 9--12

 []


Underfull \hbox (badness 10000) in paragraph at lines 13--16

 []

[1





]
Underfull \hbox (badness 10000) in paragraph at lines 27--28

 []

) [2] (./Chapters/Theory.tex
Chapter 2.

Overfull \hbox (0.53595pt too wide) in paragraph at lines 9--13
[]\T1/pplj/m/n/10.95 GRASS (Ge-o-graph-i-cal Re-sources Anal-y-sis Sup-port Sys
-tem) is an open
 []


Underfull \hbox (badness 10000) in paragraph at lines 9--13

 []


Underfull \hbox (badness 10000) in paragraph at lines 20--21

 []

[3




]
Overfull \hbox (2.672pt too wide) in paragraph at lines 27--29
[]\T1/pplj/m/n/10.95 The ac-cu-rate de-pic-tion of hy-dro-log-i-cal move-ments 
and their re-sponses
 []

<gfx/SFD_MFD.png, id=529, 762.85pt x 198.7425pt>
File: gfx/SFD_MFD.png Graphic file (type png)
 <use gfx/SFD_MFD.png>
Package pdftex.def Info: gfx/SFD_MFD.png used on input line 44.
(pdftex.def)             Requested size: 336.0pt x 87.5349pt.
 [4]
Underfull \hbox (badness 10000) in paragraph at lines 56--57

 []

<gfx/Watershed.png, id=551, 833.1125pt x 370.38374pt>
File: gfx/Watershed.png Graphic file (type png)
 <use gfx/Watershed.png>
Package pdftex.def Info: gfx/Watershed.png used on input line 60.
(pdftex.def)             Requested size: 336.0pt x 149.37726pt.


LaTeX Warning: `h' float specifier changed to `ht'.


Underfull \hbox (badness 10000) in paragraph at lines 64--65

 []

[5 <./gfx/SFD_MFD.png>] <gfx/COST.png, id=577, 843.15pt x 253.94875pt>
File: gfx/COST.png Graphic file (type png)

<use gfx/COST.png>
Package pdftex.def Info: gfx/COST.png used on input line 75.
(pdftex.def)             Requested size: 336.0pt x 101.20183pt.
 [6 <./gfx/Watershed.png>]
Underfull \hbox (badness 10000) in paragraph at lines 90--92

 []


Underfull \hbox (badness 10000) in paragraph at lines 93--94

 []

LaTeX Font Info:    Font shape `T1/fvm/m/n' will be
(Font)              scaled to size 8.50006pt on input line 95.

Overfull \hbox (1.10994pt too wide) in paragraph at lines 103--104
\T1/pplj/m/n/10.95 GRASS soft-ware. One of the lan-guages ca-pa-ble of do-ing t
his is Python.
 []


Underfull \hbox (badness 10000) in paragraph at lines 103--104

 []

[7 <./gfx/COST.png (PNG copy)>] [8]
Overfull \hbox (9.37337pt too wide) in paragraph at lines 172--175
\T1/pplj/m/n/10.95 called re-quests and re-sponses) for geospa-tial pro-cess-in
g ser-vices should
 []


Underfull \hbox (badness 10000) in paragraph at lines 172--175

 []

[9]
Underfull \hbox (badness 10000) in paragraph at lines 176--178

 []


Underfull \hbox (badness 10000) in paragraph at lines 179--180

 []

! Misplaced alignment tab character &.
l.181 \item http://webaddress/pywps/?service=WPS&
                                               request=GetCapablities
I can't figure out why you would want to use a tab mark
here. If you just want an ampersand, the remedy is
simple: Just type `I\&' now. But if some right brace
up above has ended a previous alignment prematurely,
you're probably due for more error messages, and you
might try typing `S' now just to see what is salvageable.


Overfull \hbox (13.54536pt too wide) in paragraph at lines 181--182
[][]\T1/pplj/m/n/10.95 http://we-bad-dress/py-w-ps/?ser-vice=WP-Sre-quest=Get-C
a-pabli-ties 
 []

! Misplaced alignment tab character &.
l.182 \item http://webaddress/pywps/?service=WPS&
                                               version=1.0.0&request=Describ...
I can't figure out why you would want to use a tab mark
here. If you just want an ampersand, the remedy is
simple: Just type `I\&' now. But if some right brace
up above has ended a previous alignment prematurely,
you're probably due for more error messages, and you
might try typing `S' now just to see what is salvageable.

! Misplaced alignment tab character &.
l.182 ...ebaddress/pywps/?service=WPS&version=1.0.0&
                                                  request=DescribeProcess&id...
I can't figure out why you would want to use a tab mark
here. If you just want an ampersand, the remedy is
simple: Just type `I\&' now. But if some right brace
up above has ended a previous alignment prematurely,
you're probably due for more error messages, and you
might try typing `S' now just to see what is salvageable.

! Misplaced alignment tab character &.
l.182 ...=WPS&version=1.0.0&request=DescribeProcess&
                                                  identifier=all
I can't figure out why you would want to use a tab mark
here. If you just want an ampersand, the remedy is
simple: Just type `I\&' now. But if some right brace
up above has ended a previous alignment prematurely,
you're probably due for more error messages, and you
might try typing `S' now just to see what is salvageable.


Overfull \hbox (21.57172pt too wide) in paragraph at lines 182--183
[][]\T1/pplj/m/n/10.95 http://we-bad-dress/py-w-ps/?ser-vice=WPSver-sion=1.0.0r
e-quest=De-
 []

! Misplaced alignment tab character &.
l.183 \item http://webaddress/pywps/?service=WPS&
                                               version=1.0.0&request=Execute...
I can't figure out why you would want to use a tab mark
here. If you just want an ampersand, the remedy is
simple: Just type `I\&' now. But if some right brace
up above has ended a previous alignment prematurely,
you're probably due for more error messages, and you
might try typing `S' now just to see what is salvageable.

! Misplaced alignment tab character &.
l.183 ...ebaddress/pywps/?service=WPS&version=1.0.0&
                                                  request=Execute&identifier...
I can't figure out why you would want to use a tab mark
here. If you just want an ampersand, the remedy is
simple: Just type `I\&' now. But if some right brace
up above has ended a previous alignment prematurely,
you're probably due for more error messages, and you
might try typing `S' now just to see what is salvageable.

! Misplaced alignment tab character &.
l.183 ...?service=WPS&version=1.0.0&request=Execute&
                                                  identifier=<PROCESS>&datai...
I can't figure out why you would want to use a tab mark
here. If you just want an ampersand, the remedy is
simple: Just type `I\&' now. But if some right brace
up above has ended a previous alignment prematurely,
you're probably due for more error messages, and you
might try typing `S' now just to see what is salvageable.

! Misplaced alignment tab character &.
l.183 ...1.0.0&request=Execute&identifier=<PROCESS>&
                                                  datainputs=[<INPUT1>=<VALU...
I can't figure out why you would want to use a tab mark
here. If you just want an ampersand, the remedy is
simple: Just type `I\&' now. But if some right brace
up above has ended a previous alignment prematurely,
you're probably due for more error messages, and you
might try typing `S' now just to see what is salvageable.


Overfull \hbox (20.19202pt too wide) in paragraph at lines 183--184
[][]\T1/pplj/m/n/10.95 http://we-bad-dress/py-w-ps/?ser-vice=WPSver-sion=1.0.0r
e-quest=Ex-
 []


Overfull \hbox (26.576pt too wide) in paragraph at lines 183--184
\T1/pplj/m/n/10.95 e-cutei-den-ti-fier=<PRO-CESS>datain-puts=[<IN-PUT1>=<VALUE>
;<IN-
 []


! LaTeX Error: There's no line here to end.

See the LaTeX manual or LaTeX Companion for explanation.
Type  H <return>  for immediate help.
 ...                                              
                                                  
l.196 
    
Your command was ignored.
Type  I <command> <return>  to replace it with another command,
or  <return>  to continue without it.

[10] [11]
Overfull \hbox (9.26404pt too wide) in paragraph at lines 231--232
[][]\T1/pplj/m/n/10.95 Mod-i-fi-ca-tions and de-rived works must be al-lowed an
d dis-tributed
 []

<gfx/OS.png, id=715, 672.5125pt x 494.84875pt>
File: gfx/OS.png Graphic file (type png)
 <use gfx/OS.png>
Package pdftex.def Info: gfx/OS.png used on input line 236.
(pdftex.def)             Requested size: 336.0pt x 247.235pt.
 [12 <./gfx/OS.png>] [13]
Overfull \hbox (31.86467pt too wide) in paragraph at lines 292--294
\T1/pplj/m/n/10.95 as hor-i-zon-tal ref-er-ence sys-tem and DVR90 as ver-ti-cal
 ref-er-ence ([][]Rosenkrantz
 []

) [14] (./Chapters/Methodology.tex
Chapter 3.

Underfull \hbox (badness 10000) in paragraph at lines 9--11

 []


Overfull \hbox (44.80124pt too wide) in paragraph at lines 15--19
 [][][] 
 []


Underfull \hbox (badness 10000) in paragraph at lines 32--36

 []

[15




]
Underfull \hbox (badness 10000) in paragraph at lines 37--38

 []


Underfull \hbox (badness 10000) in paragraph at lines 40--41

 []

<gfx/Methodology/old_project.png, id=765, 699.61375pt x 231.86626pt>
File: gfx/Methodology/old_project.png Graphic file (type png)

<use gfx/Methodology/old_project.png>
Package pdftex.def Info: gfx/Methodology/old_project.png used on input line 44.
(pdftex.def)             Requested size: 336.0pt x 111.35822pt.


! LaTeX Error: There's no line here to end.

See the LaTeX manual or LaTeX Companion for explanation.
Type  H <return>  for immediate help.
 ...                                              
                                                  
l.48 
   
Your command was ignored.
Type  I <command> <return>  to replace it with another command,
or  <return>  to continue without it.


Overfull \hbox (21.95944pt too wide) in paragraph at lines 49--51
\T1/pplj/m/n/10.95 Drag'N'Drop func-tion-al-ity. Al-though the pre-lim-i-nary m
odel-development
 []


Underfull \hbox (badness 10000) in paragraph at lines 49--51

 []

[16 <./gfx/Methodology/old_project.png>]
Underfull \hbox (badness 10000) in paragraph at lines 56--59

 []

[17]
Overfull \hbox (8.03589pt too wide) in paragraph at lines 66--67
[][]\T1/pplj/m/n/10.95 In this phase we per-formed the core setup
 []


Overfull \hbox (1.80862pt too wide) in paragraph at lines 72--73
[][]\T1/pplj/m/n/10.95 All the added func-tion-al-i-ties
 []


Underfull \hbox (badness 10000) in paragraph at lines 79--80

 []


LaTeX Warning: `!h' float specifier changed to `!ht'.


! LaTeX Error: There's no line here to end.

See the LaTeX manual or LaTeX Companion for explanation.
Type  H <return>  for immediate help.
 ...                                              
                                                  
l.98 
   
Your command was ignored.
Type  I <command> <return>  to replace it with another command,
or  <return>  to continue without it.

[18] [19]
Overfull \hbox (18.09387pt too wide) in paragraph at lines 149--150
 [][][] 
 []

) [20] (./Chapters/Implementation.tex
Chapter 4.

Underfull \hbox (badness 10000) in paragraph at lines 9--11

 []


Underfull \hbox (badness 10000) in paragraph at lines 25--26

 []


Overfull \hbox (8.4376pt too wide) in paragraph at lines 27--30
[][] []\T1/pplj/m/sc/10.95/80ls set-ting up a lo-cal script-ing en-vi-ron-ment:
[] \T1/pplj/m/n/10.95 In-stead of work-
 []

[21




]
Overfull \hbox (1.06245pt too wide) in paragraph at lines 33--34
[][]\T1/pplj/m/sc/10.95 GIS-D-BASE\T1/pplj/m/n/10.95 : GRASS' database lo-ca-ti
on, usu-ally ini-ti-ated as grass-
 []


! LaTeX Error: There's no line here to end.

See the LaTeX manual or LaTeX Companion for explanation.
Type  H <return>  for immediate help.
 ...                                              
                                                  
l.36 
   
Your command was ignored.
Type  I <command> <return>  to replace it with another command,
or  <return>  to continue without it.


Underfull \hbox (badness 10000) in paragraph at lines 46--47

 []

[22]
Underfull \hbox (badness 10000) in paragraph at lines 68--69

 []


! LaTeX Error: There's no line here to end.

See the LaTeX manual or LaTeX Companion for explanation.
Type  H <return>  for immediate help.
 ...                                              
                                                  
l.81 
   
Your command was ignored.
Type  I <command> <return>  to replace it with another command,
or  <return>  to continue without it.


! LaTeX Error: There's no line here to end.

See the LaTeX manual or LaTeX Companion for explanation.
Type  H <return>  for immediate help.
 ...                                              
                                                  
l.88 
   
Your command was ignored.
Type  I <command> <return>  to replace it with another command,
or  <return>  to continue without it.


! LaTeX Error: There's no line here to end.

See the LaTeX manual or LaTeX Companion for explanation.
Type  H <return>  for immediate help.
 ...                                              
                                                  
l.92 
   
Your command was ignored.
Type  I <command> <return>  to replace it with another command,
or  <return>  to continue without it.


Overfull \hbox (2.32771pt too wide) in paragraph at lines 93--94
[][] []\T1/pplj/m/sc/10.95/80ls set-ting up grass script-ing to run on a win-do
ws ma-chine:[]
 []


Underfull \hbox (badness 10000) in paragraph at lines 93--94

 []

[23]
Underfull \hbox (badness 10000) in paragraph at lines 97--98

 []


Underfull \hbox (badness 10000) in paragraph at lines 101--102

 []

<gfx/Phase_2/image.png, id=830, 576.1525pt x 504.88625pt>
File: gfx/Phase_2/image.png Graphic file (type png)

<use gfx/Phase_2/image.png>
Package pdftex.def Info: gfx/Phase_2/image.png used on input line 105.
(pdftex.def)             Requested size: 151.19897pt x 132.49225pt.


! LaTeX Error: There's no line here to end.

See the LaTeX manual or LaTeX Companion for explanation.
Type  H <return>  for immediate help.
 ...                                              
                                                  
l.109 
    
Your command was ignored.
Type  I <command> <return>  to replace it with another command,
or  <return>  to continue without it.

[24 <./gfx/Phase_2/image.png>]
Underfull \hbox (badness 10000) in paragraph at lines 115--116

 []

<gfx/Phase_2/image2.png, id=842, 800.9925pt x 526.96875pt>
File: gfx/Phase_2/image2.png Graphic file (type png)

<use gfx/Phase_2/image2.png>
Package pdftex.def Info: gfx/Phase_2/image2.png used on input line 121.
(pdftex.def)             Requested size: 151.19897pt x 99.46574pt.

<gfx/Phase_2/image3.png, id=843, 803.0pt x 527.9725pt>
File: gfx/Phase_2/image3.png Graphic file (type png)

<use gfx/Phase_2/image3.png>
Package pdftex.def Info: gfx/Phase_2/image3.png used on input line 124.
(pdftex.def)             Requested size: 151.19897pt x 99.41351pt.
 [25 <./gfx/Phase_2/image2.png> <./gfx/Phase_2/image3.png>] <gfx/Phase_2/proble
m1.png, id=854, 710.655pt x 486.81876pt>
File: gfx/Phase_2/problem1.png Graphic file (type png)

<use gfx/Phase_2/problem1.png>
Package pdftex.def Info: gfx/Phase_2/problem1.png used on input line 140.
(pdftex.def)             Requested size: 151.19897pt x 103.57204pt.

<gfx/Phase_2/problem2.png, id=855, 787.94376pt x 519.9425pt>
File: gfx/Phase_2/problem2.png Graphic file (type png)

<use gfx/Phase_2/problem2.png>
Package pdftex.def Info: gfx/Phase_2/problem2.png used on input line 143.
(pdftex.def)             Requested size: 151.19897pt x 99.76595pt.
 [26 <./gfx/Phase_2/problem1.png> <./gfx/Phase_2/problem2.png (PNG copy)>]
<gfx/Phase_2/problem3.png, id=865, 529.98pt x 461.725pt>
File: gfx/Phase_2/problem3.png Graphic file (type png)

<use gfx/Phase_2/problem3.png>
Package pdftex.def Info: gfx/Phase_2/problem3.png used on input line 154.
(pdftex.def)             Requested size: 252.0pt x 219.5471pt.


! LaTeX Error: There's no line here to end.

See the LaTeX manual or LaTeX Companion for explanation.
Type  H <return>  for immediate help.
 ...                                              
                                                  
l.158 
    
Your command was ignored.
Type  I <command> <return>  to replace it with another command,
or  <return>  to continue without it.

<gfx/Phase_2/problem4.png, id=867, 966.61125pt x 349.305pt>
File: gfx/Phase_2/problem4.png Graphic file (type png)

<use gfx/Phase_2/problem4.png>
Package pdftex.def Info: gfx/Phase_2/problem4.png used on input line 164.
(pdftex.def)             Requested size: 336.0pt x 121.42177pt.


! LaTeX Error: There's no line here to end.

See the LaTeX manual or LaTeX Companion for explanation.
Type  H <return>  for immediate help.
 ...                                              
                                                  
l.168 
    
Your command was ignored.
Type  I <command> <return>  to replace it with another command,
or  <return>  to continue without it.


Underfull \hbox (badness 10000) in paragraph at lines 170--171

 []

[27 <./gfx/Phase_2/problem3.png> <./gfx/Phase_2/problem4.png (PNG copy)>]

! LaTeX Error: There's no line here to end.

See the LaTeX manual or LaTeX Companion for explanation.
Type  H <return>  for immediate help.
 ...                                              
                                                  
l.177 
    
Your command was ignored.
Type  I <command> <return>  to replace it with another command,
or  <return>  to continue without it.

! Undefined control sequence.
l.180 ...he application. That script is named \texit
                                                  {\_\_init\_\_.py}. Using F...
The control sequence at the end of the top line
of your error message was never \def'ed. If you have
misspelled it (e.g., `\hobx'), type `I' and the correct
spelling (e.g., `I\hbox'). Otherwise just continue,
and I'll forget about whatever was undefined.


Underfull \hbox (badness 10000) in paragraph at lines 178--181

 []

! Undefined control sequence.
l.188 ...ing page, they get redirected to the \texit
                                                  {root url/upload} section ...
The control sequence at the end of the top line
of your error message was never \def'ed. If you have
misspelled it (e.g., `\hobx'), type `I' and the correct
spelling (e.g., `I\hbox'). Otherwise just continue,
and I'll forget about whatever was undefined.

! Undefined control sequence.
l.188 ...he uploaded file and convert it from \texit
                                                  {.tif} to \texit{.png}. Th...
The control sequence at the end of the top line
of your error message was never \def'ed. If you have
misspelled it (e.g., `\hobx'), type `I' and the correct
spelling (e.g., `I\hbox'). Otherwise just continue,
and I'll forget about whatever was undefined.

! Undefined control sequence.
l.188 ... and convert it from \texit{.tif} to \texit
                                                  {.png}. The reason behind ...
The control sequence at the end of the top line
of your error message was never \def'ed. If you have
misspelled it (e.g., `\hobx'), type `I' and the correct
spelling (e.g., `I\hbox'). Otherwise just continue,
and I'll forget about whatever was undefined.

! Undefined control sequence.
l.188 ...brary, then that object has to be of \texit
                                                  {.png} or \texit{.jpeg} fo...
The control sequence at the end of the top line
of your error message was never \def'ed. If you have
misspelled it (e.g., `\hobx'), type `I' and the correct
spelling (e.g., `I\hbox'). Otherwise just continue,
and I'll forget about whatever was undefined.

! Undefined control sequence.
l.188 ... object has to be of \texit{.png} or \texit
                                                  {.jpeg} format. All the af...
The control sequence at the end of the top line
of your error message was never \def'ed. If you have
misspelled it (e.g., `\hobx'), type `I' and the correct
spelling (e.g., `I\hbox'). Otherwise just continue,
and I'll forget about whatever was undefined.


Underfull \hbox (badness 10000) in paragraph at lines 188--189

 []

[28]
Underfull \hbox (badness 10000) in paragraph at lines 206--207

 []


! LaTeX Error: There's no line here to end.

See the LaTeX manual or LaTeX Companion for explanation.
Type  H <return>  for immediate help.
 ...                                              
                                                  
l.219 
    
Your command was ignored.
Type  I <command> <return>  to replace it with another command,
or  <return>  to continue without it.

[29]
! Undefined control sequence.
l.224 ...nd use PHP to convert that file from \texit
                                                  {.tiff} to \texit{.png}. T...
The control sequence at the end of the top line
of your error message was never \def'ed. If you have
misspelled it (e.g., `\hobx'), type `I' and the correct
spelling (e.g., `I\hbox'). Otherwise just continue,
and I'll forget about whatever was undefined.

! Undefined control sequence.
l.224 ...vert that file from \texit{.tiff} to \texit
                                                  {.png}. Then that PHP scri...
The control sequence at the end of the top line
of your error message was never \def'ed. If you have
misspelled it (e.g., `\hobx'), type `I' and the correct
spelling (e.g., `I\hbox'). Otherwise just continue,
and I'll forget about whatever was undefined.


Underfull \hbox (badness 10000) in paragraph at lines 223--225

 []

[30] <gfx/Pourpoint.png, id=919, 541.02126pt x 519.9425pt>
File: gfx/Pourpoint.png Graphic file (type png)

<use gfx/Pourpoint.png>
Package pdftex.def Info: gfx/Pourpoint.png used on input line 236.
(pdftex.def)             Requested size: 268.80103pt x 258.33627pt.

Underfull \hbox (badness 10000) in paragraph at lines 241--242

 []


Underfull \hbox (badness 10000) in paragraph at lines 243--244

 []

[31 <./gfx/Pourpoint.png>]
<gfx/Phase_4/Pourpoint2.png, id=928, 545.03625pt x 407.5225pt>
File: gfx/Phase_4/Pourpoint2.png Graphic file (type png)

<use gfx/Phase_4/Pourpoint2.png>
Package pdftex.def Info: gfx/Phase_4/Pourpoint2.png used on input line 249.
(pdftex.def)             Requested size: 151.19897pt x 113.0484pt.

<gfx/Phase_4/Pourpoint3.png, id=929, 565.11125pt x 434.62375pt>
File: gfx/Phase_4/Pourpoint3.png Graphic file (type png)

<use gfx/Phase_4/Pourpoint3.png>
Package pdftex.def Info: gfx/Phase_4/Pourpoint3.png used on input line 252.
(pdftex.def)             Requested size: 151.19897pt x 116.28226pt.

Underfull \hbox (badness 10000) in paragraph at lines 257--260

 []

[32 <./gfx/Phase_4/Pourpoint2.png> <./gfx/Phase_4/Pourpoint3.png (PNG copy)>]
Underfull \hbox (badness 10000) in paragraph at lines 268--269

 []


Overfull \hbox (4.02333pt too wide) in paragraph at lines 270--271
[][] []\T1/pplj/m/sc/10.95/80ls out-let anal-y-sis:[] \T1/pplj/m/n/10.95 Dur-in
g the de-vel-op-ment of the pour-point anal-
 []


Underfull \hbox (badness 10000) in paragraph at lines 270--271

 []

[33] <gfx/Phase_4/outletanal.png, id=950, 1034.86626pt x 607.26875pt>
File: gfx/Phase_4/outletanal.png Graphic file (type png)

<use gfx/Phase_4/outletanal.png>
Package pdftex.def Info: gfx/Phase_4/outletanal.png used on input line 278.
(pdftex.def)             Requested size: 252.0pt x 147.86943pt.

<gfx/Phase_4/outletanal2.png, id=951, 1036.87375pt x 609.27625pt>
File: gfx/Phase_4/outletanal2.png Graphic file (type png)

<use gfx/Phase_4/outletanal2.png>
Package pdftex.def Info: gfx/Phase_4/outletanal2.png used on input line 281.
(pdftex.def)             Requested size: 252.0pt x 148.07004pt.

Underfull \hbox (badness 10000) in paragraph at lines 289--291

 []

[34 <./gfx/Phase_4/outletanal.png> <./gfx/Phase_4/outletanal2.png (PNG copy)>]
Underfull \hbox (badness 10000) in paragraph at lines 292--293

 []

<gfx/Phase_4/Barrier1.png, id=962, 798.985pt x 522.95375pt>
File: gfx/Phase_4/Barrier1.png Graphic file (type png)

<use gfx/Phase_4/Barrier1.png>
Package pdftex.def Info: gfx/Phase_4/Barrier1.png used on input line 298.
(pdftex.def)             Requested size: 151.19897pt x 98.96326pt.

<gfx/Phase_4/Barrier2.png, id=963, 515.9275pt x 454.69875pt>
File: gfx/Phase_4/Barrier2.png Graphic file (type png)

<use gfx/Phase_4/Barrier2.png>
Package pdftex.def Info: gfx/Phase_4/Barrier2.png used on input line 301.
(pdftex.def)             Requested size: 151.19897pt x 133.25381pt.

<gfx/Phase_4/Barrier3.png, id=964, 713.66624pt x 524.96124pt>
File: gfx/Phase_4/Barrier3.png Graphic file (type png)

<use gfx/Phase_4/Barrier3.png>
Package pdftex.def Info: gfx/Phase_4/Barrier3.png used on input line 304.
(pdftex.def)             Requested size: 151.19897pt x 111.21436pt.

<gfx/Phase_4/Barrier4.png, id=965, 797.98125pt x 521.95pt>
File: gfx/Phase_4/Barrier4.png Graphic file (type png)

<use gfx/Phase_4/Barrier4.png>
Package pdftex.def Info: gfx/Phase_4/Barrier4.png used on input line 307.
(pdftex.def)             Requested size: 151.19897pt x 98.89278pt.
 [35 <./gfx/Phase_4/Barrier1.png> <./gfx/Phase_4/Barrier2.png> <./gfx/Phase_4/Ba
rrier3.png> <./gfx/Phase_4/Barrier4.png>]
Underfull \hbox (badness 10000) in paragraph at lines 336--337

 []


! LaTeX Error: There's no line here to end.

See the LaTeX manual or LaTeX Companion for explanation.
Type  H <return>  for immediate help.
 ...                                              
                                                  
l.350 
    
Your command was ignored.
Type  I <command> <return>  to replace it with another command,
or  <return>  to continue without it.


Underfull \hbox (badness 10000) in paragraph at lines 351--352

 []


Underfull \hbox (badness 10000) in paragraph at lines 353--354

 []

[36]

! LaTeX Error: There's no line here to end.

See the LaTeX manual or LaTeX Companion for explanation.
Type  H <return>  for immediate help.
 ...                                              
                                                  
l.358 
    
Your command was ignored.
Type  I <command> <return>  to replace it with another command,
or  <return>  to continue without it.

<gfx/Phase_4/Barrier5.png, id=1002, 712.6625pt x 525.965pt>
File: gfx/Phase_4/Barrier5.png Graphic file (type png)

<use gfx/Phase_4/Barrier5.png>
Package pdftex.def Info: gfx/Phase_4/Barrier5.png used on input line 365.
(pdftex.def)             Requested size: 252.0pt x 185.9765pt.

Underfull \hbox (badness 10000) in paragraph at lines 373--374

 []

[37 <./gfx/Phase_4/Barrier5.png>]
Underfull \hbox (badness 10000) in paragraph at lines 382--383

 []

[38]
Underfull \hbox (badness 10000) in paragraph at lines 424--425

 []

[39]
Overfull \hbox (67.99965pt too wide) in paragraph at lines 445--446
[][]\T1/pplj/m/n/10.95 http://52.17.144.192/cgi-bin/pywps.cgi?re-quest=ex-e-cut
e&ser-vice=WPS&ver-
 []


Overfull \hbox (6.99663pt too wide) in paragraph at lines 445--446
\T1/pplj/m/n/10.95 sion=1.0.0&iden-ti-fier=flood-ing&datain-puts=[ras-terin=<LI
NK TO
 []

[40]
Underfull \hbox (badness 10000) in paragraph at lines 470--472

 []


Underfull \hbox (badness 10000) in paragraph at lines 474--475

 []


Overfull \hbox (49.76804pt too wide) in paragraph at lines 495--496
[][]\T1/pplj/m/n/10.95 http://52.17.144.192/u-pload?minx=CO-ORD&miny=CO-ORD&max
x=CO-
 []

[41] [42]
Underfull \hbox (badness 10000) in paragraph at lines 579--581

 []

! Undefined control sequence.
l.591 ...xtit{\$.get()}. This is encased in a \texit
                                                  {\$.when} and a \textit{\$...
The control sequence at the end of the top line
of your error message was never \def'ed. If you have
misspelled it (e.g., `\hobx'), type `I' and the correct
spelling (e.g., `I\hbox'). Otherwise just continue,
and I'll forget about whatever was undefined.

[43]
! Undefined control sequence.
l.594 The \texit
              {\$.when} and async request code looks like the following:
The control sequence at the end of the top line
of your error message was never \def'ed. If you have
misspelled it (e.g., `\hobx'), type `I' and the correct
spelling (e.g., `I\hbox'). Otherwise just continue,
and I'll forget about whatever was undefined.

! Undefined control sequence.
l.613 ...esult, store it in a variable called \texit
                                                  {outputimagearray}.
The control sequence at the end of the top line
of your error message was never \def'ed. If you have
misspelled it (e.g., `\hobx'), type `I' and the correct
spelling (e.g., `I\hbox'). Otherwise just continue,
and I'll forget about whatever was undefined.

[44]) [45] (./Chapters/Analysis.tex [46




]
Chapter 5.

Underfull \hbox (badness 10000) in paragraph at lines 8--9

 []


Underfull \hbox (badness 10000) in paragraph at lines 10--11

 []


Underfull \hbox (badness 10000) in paragraph at lines 12--13

 []

[47]
Overfull \hbox (6.18774pt too wide) in paragraph at lines 26--27
\T1/pplj/m/n/10.95 which are fetched and parsed us-ing a com-bi-na-tion of jQue
ry, JavaScript
 []


<gfx/Analysis_Architecture/grass_pywps.png, id=1172, 1134.2375pt x 451.6875pt>
File: gfx/Analysis_Architecture/grass_pywps.png Graphic file (type png)

<use gfx/Analysis_Architecture/grass_pywps.png>
Package pdftex.def Info: gfx/Analysis_Architecture/grass_pywps.png used on input
 line 32.
(pdftex.def)             Requested size: 336.0pt x 133.80492pt.
 [48 <./gfx/Analysis_Architecture/grass_pywps.png>]
Underfull \hbox (badness 10000) in paragraph at lines 50--51

 []


LaTeX Warning: `!h' float specifier changed to `!ht'.

[49]
Underfull \hbox (badness 10000) in paragraph at lines 91--92

 []


Underfull \hbox (badness 10000) in paragraph at lines 111--113

 []

[50]
! Undefined control sequence.
l.115 The \texti
              {.grassrc6} folder contains some settings that are needed for ...
The control sequence at the end of the top line
of your error message was never \def'ed. If you have
misspelled it (e.g., `\hobx'), type `I' and the correct
spelling (e.g., `I\hbox'). Otherwise just continue,
and I'll forget about whatever was undefined.

<gfx/Analysis_Website/1.jpg, id=1197, 612.2875pt x 570.13pt>
File: gfx/Analysis_Website/1.jpg Graphic file (type jpg)

<use gfx/Analysis_Website/1.jpg>
Package pdftex.def Info: gfx/Analysis_Website/1.jpg used on input line 136.
(pdftex.def)             Requested size: 236.0444pt x 219.7977pt.


LaTeX Warning: `!h' float specifier changed to `!ht'.

<gfx/Analysis_Website/2.png, id=1201, 1347.0325pt x 625.33624pt>
File: gfx/Analysis_Website/2.png Graphic file (type png)

<use gfx/Analysis_Website/2.png>
Package pdftex.def Info: gfx/Analysis_Website/2.png used on input line 147.
(pdftex.def)             Requested size: 336.0pt x 155.98062pt.

<gfx/Analysis_Website/3.png, id=1202, 781.92125pt x 611.28375pt>
File: gfx/Analysis_Website/3.png Graphic file (type png)

<use gfx/Analysis_Website/3.png>
Package pdftex.def Info: gfx/Analysis_Website/3.png used on input line 150.
(pdftex.def)             Requested size: 151.19897pt x 118.19714pt.

<gfx/Analysis_Website/4.png, id=1203, 555.07375pt x 502.87875pt>
File: gfx/Analysis_Website/4.png Graphic file (type png)

<use gfx/Analysis_Website/4.png>
Package pdftex.def Info: gfx/Analysis_Website/4.png used on input line 153.
(pdftex.def)             Requested size: 151.19897pt x 136.98378pt.

Overfull \hbox (3.18645pt too wide) in paragraph at lines 147--153
 [][][] 
 []


LaTeX Warning: `!h' float specifier changed to `!ht'.

[51] [52 <./gfx/Analysis_Website/1.jpg> <./gfx/Analysis_Website/2.png> <./gfx/An
alysis_Website/3.png> <./gfx/Analysis_Website/4.png>]
<gfx/Analysis_Website/5.png, id=1222, 691.58376pt x 234.8775pt>
File: gfx/Analysis_Website/5.png Graphic file (type png)

<use gfx/Analysis_Website/5.png>
Package pdftex.def Info: gfx/Analysis_Website/5.png used on input line 168.
(pdftex.def)             Requested size: 336.0pt x 114.11615pt.

<gfx/Analysis_Website/6.png, id=1223, 1065.9825pt x 219.82124pt>
File: gfx/Analysis_Website/6.png Graphic file (type png)

<use gfx/Analysis_Website/6.png>
Package pdftex.def Info: gfx/Analysis_Website/6.png used on input line 171.
(pdftex.def)             Requested size: 336.0pt x 69.28766pt.

Overfull \hbox (3.18645pt too wide) in paragraph at lines 168--172
 [][][] 
 []


Overfull \hbox (3.18645pt too wide) in paragraph at lines 168--172
 [][] 
 []

<gfx/Analysis_Website/suckmycock.PNG, id=1226, 706.13812pt x 359.84438pt>
File: gfx/Analysis_Website/suckmycock.PNG Graphic file (type png)

<use gfx/Analysis_Website/suckmycock.PNG>
Package pdftex.def Info: gfx/Analysis_Website/suckmycock.PNG used on input line 
183.
(pdftex.def)             Requested size: 268.80103pt x 136.97838pt.
 [53 <./gfx/Analysis_Website/5.png> <./gfx/Analysis_Website/6.png> <./gfx/Analys
is_Website/suckmycock.PNG>]
<gfx/Analysis_Website/8.png, id=1235, 1183.42125pt x 551.05875pt>
File: gfx/Analysis_Website/8.png Graphic file (type png)

<use gfx/Analysis_Website/8.png>
Package pdftex.def Info: gfx/Analysis_Website/8.png used on input line 193.
(pdftex.def)             Requested size: 336.0pt x 156.45636pt.

<gfx/Analysis_OldWork/1.png, id=1238, 874.26625pt x 677.53125pt>
File: gfx/Analysis_OldWork/1.png Graphic file (type png)

<use gfx/Analysis_OldWork/1.png>
Package pdftex.def Info: gfx/Analysis_OldWork/1.png used on input line 209.
(pdftex.def)             Requested size: 252.0pt x 195.29012pt.

<gfx/Analysis_OldWork/2.png, id=1239, 607.26875pt x 538.01pt>
File: gfx/Analysis_OldWork/2.png Graphic file (type png)

<use gfx/Analysis_OldWork/2.png>
Package pdftex.def Info: gfx/Analysis_OldWork/2.png used on input line 212.
(pdftex.def)             Requested size: 252.0pt x 223.25357pt.


LaTeX Warning: `!h' float specifier changed to `!ht'.

[54 <./gfx/Analysis_Website/8.png>] [55 <./gfx/Analysis_OldWork/1.png (PNG copy)
> <./gfx/Analysis_OldWork/2.png>]
<gfx/Analysis_OldWork/3.jpg, id=1255, 1118.1775pt x 401.5pt>
File: gfx/Analysis_OldWork/3.jpg Graphic file (type jpg)

<use gfx/Analysis_OldWork/3.jpg>
Package pdftex.def Info: gfx/Analysis_OldWork/3.jpg used on input line 227.
(pdftex.def)             Requested size: 336.0pt x 120.64696pt.


! LaTeX Error: There's no line here to end.

See the LaTeX manual or LaTeX Companion for explanation.
Type  H <return>  for immediate help.
 ...                                              
                                                  
l.231 
    
Your command was ignored.
Type  I <command> <return>  to replace it with another command,
or  <return>  to continue without it.

<gfx/Analysis_OldWork/COWI.jpg, id=1257, 1488.56125pt x 909.3975pt>
File: gfx/Analysis_OldWork/COWI.jpg Graphic file (type jpg)

<use gfx/Analysis_OldWork/COWI.jpg>
Package pdftex.def Info: gfx/Analysis_OldWork/COWI.jpg used on input line 236.
(pdftex.def)             Requested size: 336.0pt x 205.27167pt.

<gfx/Analysis_OldWork/4.png, id=1258, 690.58pt x 573.14125pt>
File: gfx/Analysis_OldWork/4.png Graphic file (type png)

<use gfx/Analysis_OldWork/4.png>
Package pdftex.def Info: gfx/Analysis_OldWork/4.png used on input line 245.
(pdftex.def)             Requested size: 151.19897pt x 125.47928pt.

<gfx/Analysis_OldWork/5.png, id=1259, 691.58376pt x 573.14125pt>
File: gfx/Analysis_OldWork/5.png Graphic file (type png)

<use gfx/Analysis_OldWork/5.png>
Package pdftex.def Info: gfx/Analysis_OldWork/5.png used on input line 248.
(pdftex.def)             Requested size: 151.19897pt x 125.30437pt.


LaTeX Warning: `!h' float specifier changed to `!ht'.

[56 <./gfx/Analysis_OldWork/3.jpg> <./gfx/Analysis_OldWork/COWI.jpg>] [57 <./gfx
/Analysis_OldWork/4.png> <./gfx/Analysis_OldWork/5.png (PNG copy)>]
Underfull \hbox (badness 10000) in paragraph at lines 279--280

 []

<gfx/Analysis_Specs/nodata.png, id=1280, 380.17032pt x 378.66469pt>
File: gfx/Analysis_Specs/nodata.png Graphic file (type png)

<use gfx/Analysis_Specs/nodata.png>
Package pdftex.def Info: gfx/Analysis_Specs/nodata.png used on input line 289.
(pdftex.def)             Requested size: 268.80103pt x 267.74443pt.


LaTeX Warning: `!h' float specifier changed to `!ht'.

[58]
Underfull \hbox (badness 10000) in paragraph at lines 299--301

 []

[59 <./gfx/Analysis_Specs/nodata.png>]
Underfull \hbox (badness 10000) in paragraph at lines 302--303

 []

) [60] (./Chapters/Discussion.tex
Chapter 6.

Underfull \hbox (badness 10000) in paragraph at lines 13--15

 []


Underfull \hbox (badness 10000) in paragraph at lines 16--19

 []

[61




] [62]
Overfull \hbox (0.6916pt too wide) in paragraph at lines 43--44
\T1/pplj/m/n/10.95 or Win-dows, but when ac-cess-ing the func-tion-al-ity ex-te
r-nally, it turned
 []

[63]
Overfull \hbox (11.92615pt too wide) in paragraph at lines 63--65
[][] []\T1/pplj/m/sc/10.95/80ls in-stal-la-tion:[] \T1/pplj/m/n/10.95 When in-s
talling Py-WPS, set-tings have to be changed
 []

[64] [65] [66]
Overfull \hbox (0.15353pt too wide) in paragraph at lines 103--104
\T1/pplj/m/n/10.95 FLOODS: Quick(Spa-tial Se-lec-tion) and slower(Cost Dis-tanc
e) and AD-
 []


Overfull \hbox (2.28802pt too wide) in paragraph at lines 103--104
\T1/pplj/m/n/10.95 VANCED FLOOD: Quick(Spa-tial Se-lec-tion) and slower(Cost Di
s-tance).
 []

[67]
Overfull \hbox (3.13635pt too wide) in paragraph at lines 118--119
[][]\T1/pplj/m/n/10.95 By adding func-tion-al-ity, such as the cal-cu-la-tion o
f ex-pected amounts
 []

[68] [69] [70] [71]
Overfull \hbox (4.5599pt too wide) in paragraph at lines 158--159
[][] []\T1/pplj/m/sc/10.95/80ls tech-ni-cally de-mand-ing:[] \T1/pplj/m/n/10.95
 Even though the ap-pli-ca-tion has been
 []

[72]) [73] (./Chapters/Perspectives.tex [74




]
Chapter 7.
[75] [76]) [77] (./Chapters/Conclusion.tex [78




]
Chapter 8.

Underfull \hbox (badness 10000) in paragraph at lines 2--3

 []

) [79] [80



] (./FrontBackMatter/Bibliography.tex (./main.bbl
Underfull \hbox (badness 5217) in paragraph at lines 20--26
[][]\T1/pplj/m/n/10.95 DMI.  Storm-floder i fremti-dens klima.  [][]$\T1/fvm/m/
n/10.95 http : / / www .
 []


Underfull \hbox (badness 10000) in paragraph at lines 20--26
\T1/fvm/m/n/10.95 dmi . dk / laer-[]om / temaer / hav / fremtidens-[]vandstand 
/
 []


Underfull \hbox (badness 10000) in paragraph at lines 20--26
\T1/fvm/m/n/10.95 stormfloder-[]i-[]fremtidens-[]klima/$[][]\T1/pplj/m/n/10.95 
, 2015.  Ac-cessed:
 []


Underfull \hbox (badness 1147) in paragraph at lines 28--32
[][]\T1/pplj/m/n/10.95 Charles Echlschlaeger.  r.wa-ter-shed.  [][]$\T1/fvm/m/n
/10.95 http : / / grass . osgeo .
 []


Underfull \hbox (badness 4967) in paragraph at lines 34--40
[][]\T1/pplj/m/n/10.95 ESRI.  Cost dis-tance (spa-tial an-a-lyst).  [][]$\T1/fv
m/m/n/10.95 http : / / help .
 []


Underfull \hbox (badness 10000) in paragraph at lines 34--40
\T1/fvm/m/n/10.95 arcgis . com / en / arcgisdesktop / 10 . 0 / help / index . h
tml #
 []


Underfull \hbox (badness 10000) in paragraph at lines 42--48
\T1/fvm/m/n/10.95 en / help / main / 10 . 1 / index . html # / / 009z0000006800
0000$[][]\T1/pplj/m/n/10.95 , b.
 []


Underfull \hbox (badness 10000) in paragraph at lines 50--56
\T1/fvm/m/n/10.95 Working _ with _ GRASS _ without _ starting _ it _ explicitly
$[][]\T1/pplj/m/n/10.95 ,
 []


Underfull \hbox (badness 5771) in paragraph at lines 58--61
[][]\T1/pplj/m/n/10.95 V. Grass-muck.  Freie soft-ware zwis-chen privat- und
 []


Underfull \hbox (badness 1072) in paragraph at lines 69--73
[][]\T1/pplj/m/n/10.95 HTML.net.  Les-son 2: What is html?  [][]$\T1/fvm/m/n/10
.95 http : / / html . net /
 []

[81



]
! Misplaced alignment tab character &.
<argument> Environmental Modelling &
                          Software
l.120 ...k \emph{Environmental Modelling & Software}
                                                  , 31:\penalty0 124 -- 130,
I can't figure out why you would want to use a tab mark
here. If you just want an ampersand, the remedy is
simple: Just type `I\&' now. But if some right brace
up above has ended a previous alignment prematurely,
you're probably due for more error messages, and you
might try typing `S' now just to see what is salvageable.


Underfull \hbox (badness 10000) in paragraph at lines 124--130
\T1/fvm/m/n/10.95 / / developer . mozilla . org / en-[]US / docs / Web / JavaSc
ript /
 []


Underfull \hbox (badness 3088) in paragraph at lines 124--130
\T1/fvm/m/n/10.95 Guide / Introduction # What _ is _ JavaScript . 3F$[][]\T1/pp
lj/m/n/10.95 , 2015.  Ac-
 []


Underfull \hbox (badness 1308) in paragraph at lines 144--148
[][]\T1/pplj/m/n/10.95 Py-WPS De-vel-op-ment Team.  Python web pro-cess-ing ser
-
 []

[82])) [83]

! LaTeX Error: \begin{itemize} on input line 7 ended by \end{document}.

See the LaTeX manual or LaTeX Companion for explanation.
Type  H <return>  for immediate help.
 ...                                              
                                                  
l.110 \end{document}
                  
Your command was ignored.
Type  I <command> <return>  to replace it with another command,
or  <return>  to continue without it.

Package atveryend Info: Empty hook `BeforeClearDocument' on input line 110.
Package atveryend Info: Empty hook `AfterLastShipout' on input line 110.
(./main.aux (./FrontBackMatter/Titlepage.aux) (./Chapters/front_thingy.aux)
(./FrontBackMatter/Acknowledgments.aux) (./FrontBackMatter/Preface.aux)
(./FrontBackMatter/Contents.aux) (./Chapters/Introduction.aux)
(./Chapters/Theory.aux) (./Chapters/Methodology.aux)
(./Chapters/Implementation.aux) (./Chapters/Analysis.aux)
(./Chapters/Discussion.aux) (./Chapters/Perspectives.aux)
(./Chapters/Conclusion.aux) (./FrontBackMatter/Bibliography.aux))
Package atveryend Info: Executing hook `AtVeryEndDocument' on input line 110.
Package atveryend Info: Executing hook `AtEndAfterFileList' on input line 110.
Package rerunfilecheck Info: File `main.out' has not changed.
(rerunfilecheck)             Checksum: FB2E36EC8E7073298FD2CDE728B9D863;4160.


LaTeX Font Warning: Some font shapes were not available, defaults substituted.


LaTeX Warning: There were multiply-defined labels.

Package atveryend Info: Empty hook `AtVeryVeryEnd' on input line 110.
 )
(\end occurred inside a group at level 1)

### semi simple group (level 1) entered at line 7 (\begingroup)
### bottom level

Here is how much of LuaTeX's memory you used:
 28194 strings out of 493803
 195340,794899 words of node,token memory allocated
 1258 words of node memory still in use:
   11 hlist, 8 vlist, 5 rule, 17 glue, 1 kern, 6 penalty, 3 glyph, 106 glue_spec
, 17 action, 1 shape, 3 write, 3 local_par, 6 pdf_colorstack nodes
   avail lists: 1:1,2:35,3:879,4:4713,5:6237,6:3359,7:4781,8:46,9:6755,10:433
 29606 multiletter control sequences out of 65536+600000
 146 fonts using 5744039 bytes
 73i,14n,71p,1632b,1546s stack positions out of 5000i,500n,10000p,200000b,100000s
{/usr/share/texlive/texmf-dist/fonts/enc/dvips/base/8r.enc}</usr/share/texlive/t
exmf-dist/fonts/type1/public/amsfonts/cm/cmsy10.pfb></usr/share/texlive/texmf-di
st/fonts/type1/public/amsfonts/euler/eurb10.pfb></usr/share/texlive/texmf-dist/f
onts/type1/public/fpl/fplbj8a.pfb></usr/share/texlive/texmf-dist/fonts/type1/pub
lic/fpl/fplrc8a.pfb></usr/share/texlive/texmf-dist/fonts/type1/public/bera/fvmr8
a.pfb></usr/share/texlive/texmf-dist/fonts/type1/urw/palatino/uplb8a.pfb></usr/s
hare/texlive/texmf-dist/fonts/type1/urw/palatino/uplr8a.pfb></usr/share/texlive/
texmf-dist/fonts/type1/urw/palatino/uplri8a.pfb>
Output written on main.pdf (97 pages, 6207684 bytes).

PDF statistics: 1475 PDF objects out of 1728 (max. 8388607)
 1294 compressed objects within 13 object streams
 503 named destinations out of 1000 (max. 131072)
 536 words of extra memory for PDF output out of 10000 (max. 10000000)

