\BOOKMARK [1][-]{Dedication.1}{Dedication}{}% 1
\BOOKMARK [1][-]{Abstract.1}{Abstract}{}% 2
\BOOKMARK [1][-]{Publications.1}{Publications}{}% 3
\BOOKMARK [1][-]{Acknowledgements.1}{Acknowledgements}{}% 4
\BOOKMARK [1][-]{tableofcontents.1}{Contents}{}% 5
\BOOKMARK [1][-]{lof.1}{List of Figures}{}% 6
\BOOKMARK [1][-]{lot.1}{List of Tables}{}% 7
\BOOKMARK [1][-]{lol.1}{Listings}{}% 8
\BOOKMARK [1][-]{acronyms.1}{Acronyms}{}% 9
\BOOKMARK [-1][]{part.1}{The boring stuff}{}% 10
\BOOKMARK [0][]{chapter.1}{1 Introduction \046 problem statement}{part.1}% 11
\BOOKMARK [1][-]{section.1.1}{1.1 Introduction}{chapter.1}% 12
\BOOKMARK [1][-]{section.1.2}{1.2 Problem statement}{chapter.1}% 13
\BOOKMARK [1][-]{section.1.3}{1.3 License}{chapter.1}% 14
\BOOKMARK [0][]{chapter.2}{2 Methodology}{part.1}% 15
\BOOKMARK [1][-]{section.2.1}{2.1 Agile}{chapter.2}% 16
\BOOKMARK [1][-]{section.2.2}{2.2 Timeline}{chapter.2}% 17
\BOOKMARK [1][-]{section.2.3}{2.3 The phases of our project}{chapter.2}% 18
\BOOKMARK [-1][]{part.2}{The good stuff}{}% 19
\BOOKMARK [0][]{chapter.3}{3 Theory}{part.2}% 20
\BOOKMARK [1][-]{section.3.1}{3.1 Open Source GIS}{chapter.3}% 21
\BOOKMARK [1][-]{section.3.2}{3.2 GRASS}{chapter.3}% 22
\BOOKMARK [1][-]{section.3.3}{3.3 Hydrology in GIS}{chapter.3}% 23
\BOOKMARK [1][-]{section.3.4}{3.4 Python}{chapter.3}% 24
\BOOKMARK [1][-]{section.3.5}{3.5 Digital Elevation Models}{chapter.3}% 25
\BOOKMARK [1][-]{section.3.6}{3.6 Web Development}{chapter.3}% 26
\BOOKMARK [0][]{chapter.4}{4 Analysis}{part.2}% 27
\BOOKMARK [0][]{chapter.5}{5 Discussion}{part.2}% 28
\BOOKMARK [-1][]{part.3}{Appendix}{}% 29
\BOOKMARK [0][]{appendix.A}{A Appendix Test}{part.3}% 30
\BOOKMARK [1][-]{section.A.1}{A.1 Appendix Section Test}{appendix.A}% 31
\BOOKMARK [1][-]{section.A.2}{A.2 Another Appendix Section Test}{appendix.A}% 32
\BOOKMARK [0][]{dummy.7}{Bibliography}{part.3}% 33
\BOOKMARK [0][]{colophon.0}{Colophon}{part.3}% 34
\BOOKMARK [0][]{declaration.0}{Declaration}{part.3}% 35
